-46.4659784141773 0.0493615649248381 -0.756011927084519 
-46.4646704329512 0.0459165508190009 -0.756011927160119 
-46.4706024522454 -0.308968753619369 -0.756011927235719 
-46.4727437165502 -0.259535557708572 -0.756011927311319 
-46.4754962827857 -0.26857188226293 -0.756011927386919 
-46.4784435094125 -0.235001429749739 -0.756011927462519 
-46.480332056718 -0.245929541177585 0.0251880724702807 
-46.4857415665407 -0.356215296080902 -0.672011927596919 
-46.4886956233567 -0.511395052680977 -0.672011927664119 
-46.4932991708573 -0.402444783294156 -0.672011927731319 
-46.4961746804979 -0.318732728403618 -0.672011927798519 
-46.5015568695639 -0.476418032905434 -0.672011927865719 
-46.5053715302153 -0.399633605381674 -0.672011927932919 
-46.5071883605345 -0.283456626402476 -0.672011928000119 
-46.5091861908668 -0.118527205249701 -0.672011928067319 
-46.5134516440034 -0.346879548811213 -0.672011928134519 
-46.5137863232728 -0.121558435650964 0.109188071806681 
-46.5140629459341 -0.0782990293904868 -0.588011928252119 
-46.5161666441985 -0.153467419522529 -0.588011928310919 
-46.5142644365147 0.129714038204446 -0.588011928369719 
-46.5115938325492 0.195545768784914 -0.588011928428519 
-46.5093535305014 0.201095581704529 24 
-46.5100433796076 0.0784070413266523 7.72798807311708 
-46.4992687561919 0.581923212765303 7.72798807388988 
-46.4882550761553 0.828916704389595 7.72798807466268 
-46.4643767348169 1.93523498758497 7.72798807543548 
-46.4289246379299 2.99859644075307 6.94678807619988 
-46.3925948617346 3.47625417359201 6.86278807695588 
-46.3473960849021 4.16638163977059 6.77878807770348 
-46.2929731375954 4.93966706973048 6.69478807844268 
-46.2301797934609 5.77394133968904 5.82958807916508 
-46.1568679580046 6.75717914071465 6.44278807987908 
-46.0793555562087 7.44644209464036 5.57758808057628 
-45.9902523233913 8.35125763750904 4.62838808124828 
-45.8964806562762 8.99946957067499 5.15758808190348 
-45.7982283850655 9.53446026309426 4.20838808253348 
-45.6878013016594 10.5146545658803 4.73758808314668 
-45.5727809160364 11.1123766150618 3.78838808373468 
-45.453286756507 11.6390899334921 2.75518808428908 
-45.3267506719433 12.3103485497438 3.20038808481828 
-45.2051835500008 12.2320907302543 2.94838808532228 
-45.0805428429319 12.3449752575347 1.91518808579268 
-44.9546248904881 12.4903529838216 2.36038808623788 
-44.8271769756702 12.6612994912711 1.32718808664948 
-44.706340683969 12.2360731017936 1.77238808703588 
-44.5810545240234 12.3683072063641 0.739188087388681 
-44.4623663268161 12.0020130260428 1.18438808771628 
-44.3461028467642 11.7905752906271 0.932388088018681 
-44.2329471027846 11.4218637883555 -0.100811911712519 
-44.126102453598 10.9255064991202 0.344388088531081 
-44.0242267670327 10.4058736757695 0.0923880887494809 
-43.9237854201931 10.2333084592664 -0.159611911057319 
-43.8364307158032 9.28763777844257 0.369588089119081 
-43.751572445555 8.69232449628488 -0.579611910729719 
-43.6701121944188 8.24095750454447 -0.0504119105953193 
-43.5979000194189 7.55831774099816 -0.218411910477719 
-43.5310666183903 6.96926998478604 -0.386411910376919 
-43.4701481611829 6.37094045819569 -0.554411910292919 
-43.4147689873925 5.88234428799929 -0.722411910225719 
-43.364812983803 5.2828018769809 -0.890411910175319 
-43.3238113582154 4.45278116227275 -0.277211910133319 
-43.2861292045645 4.05214229869443 -0.361211910099719 
-43.2495876925049 3.66750270324626 -0.445211910074519 
-43.2238549548069 3.01826006627933 -0.529211910057719 
-43.1982144246626 2.72022912056777 -0.613211910049319 
-43.1777238571526 2.27157110581265 -0.697211910049319 
-43.1612494408745 1.83449710833561 -1.19100493191347E-005 
-43.1473841568594 1.53240909042141 -0.781211910057719 
-43.1373267033066 1.23915252562482 -0.0840119100661191 
-43.1282493818996 1.00286548882344 -0.0840119100745191 
-43.1184378151569 1.05996506134971 -0.0840119100829191 
-43.112092569418 0.830064738798203 -0.865211910099719 
-43.1051428519375 0.71431996216695 -0.168011910116519 
-43.0989137194144 0.661829794857277 -0.168011910133319 
-43.0955259455861 0.519418908619039 -0.168011910150119 
-43.0882039827958 0.637735752415706 -0.168011910166919 
-43.0855128882628 0.3795313106987 -0.949211910192119 
-43.0851406429531 0.171678287712128 -0.252011910217319 
-43.0815377181659 0.218216588943172 -0.252011910242519 
-43.0751685667649 0.538648240340425 -0.252011910267719 
-43.0740928119706 0.324148906754039 -0.252011910292919 
-43.0714597740455 0.268795610815233 -0.252011910318119 
-43.0703464532108 0.201808542747375 -0.252011910343319 
-43.0689940757552 0.208508429217519 -0.252011910368519 
-43.0634308866762 0.353039852079623 -0.252011910393719 
-43.06023094305 0.458512729401326 -0.252011910418919 
-43.0537866595681 0.473840461799161 -0.252011910444119 
-43.0480868667058 0.646793061432038 -1.03321191047772 
-43.0405292623891 0.77070359747028 -0.336011910511319 
-43.0350787714315 0.622108545220541 -0.336011910544919 
-43.0267698463062 0.671598767333434 -0.336011910578519 
-43.0179759777498 0.887343241214427 -0.336011910612119 
-43.0089976940858 0.886990424649228 -1.11721191065412 
-42.9975742026989 1.02694825224219 -0.420011910696119 
-42.9910991833658 0.844826301259771 -0.420011910738119 
-42.9846958810189 0.682168926573338 -0.420011910780119 
-42.9742866727238 0.895354424307909 -0.420011910822119 
-42.9674838043104 0.721379343712063 -1.20121191087252 
-42.9599910867909 0.848086075008292 -0.504011910922919 
-42.9518529163949 0.734183638274149 -0.504011910973319 
-42.9466517273419 0.594361334623802 -0.504011911023719 
-42.9390907079307 0.610002899734156 -1.28521191108252 
-42.9335924056488 0.651398794590503 -0.588011911141319 
-42.927814065611 0.621457646082788 -0.588011911200119 
-42.9198022537146 0.711556371679715 -0.588011911258919 
-42.9145430080537 0.525024080564656 -0.588011911317719 
-42.9094271963653 0.646892594916669 -0.588011911376519 
-42.9060906489558 0.525518210039294 -1.36921191144372 
-42.9035634789629 0.286051898465414 -0.672011911510919 
-42.8988233276789 0.393788574975167 -0.672011911578119 
-42.8938338744902 0.38562264046077 -0.672011911645319 
-42.890954949755 0.29351018952662 -0.672011911712519 
-42.8888717420582 0.315859408241217 -0.672011911779719 
-42.8862387041331 0.310923521125456 -0.672011911846919 
-42.8858630437288 0.130859622088636 -0.672011911914119 
-42.8859723267555 0.0218993413319916 -0.672011911981319 
-42.8839505907612 0.123239842454214 -0.672011912048519 
-42.8837695907482 -0.0142103340580219 -0.672011912115719 
-42.8843023455034 -0.0819135183690806 -0.672011912182919 
-42.8844218738139 -0.00266585063491831 -0.672011912250119 
-42.8822191378066 0.203583129448908 -0.672011912317319 
-42.8849614587583 0.0332714955647963 -0.672011912384519 
-42.8861977229981 -0.0520831074992283 -0.672011912451719 
-42.8878711193448 -0.179290489932011 -0.672011912518919 
-42.8910334969305 -0.330959802204213 -0.672011912586119 
-42.88926789303 -0.0239858504645294 -0.672011912653319 
-42.8914228177132 -0.17388188584573 -0.672011912720519 
-42.893745082031 -0.198574066750344 -0.672011912787719 
-42.8941992896108 -0.097285407098871 -0.672011912854919 
-42.8959512331329 -0.153476880099466 -0.672011912922119 
-42.8954560444181 -0.0280237394238268 -0.672011912989319 
-42.8959922142679 -0.0376758709505619 -0.672011913056519 
-42.8953091953509 -0.0751859209247192 -0.672011913123719 
-42.896436176564 -0.0724318633153107 -0.672011913190919 
-42.8930279121681 0.230948688273863 -0.672011913258119 
-42.8957019312282 -0.00414775946183665 -0.672011913325319 
-42.8926659121421 0.107702175657602 -0.672011913392519 
-42.892157063049 0.0946972175225419 -0.672011913459719 
-42.888683911856 0.264843687818142 -0.672011913526919 
-42.8897186855153 0.129744573611534 -0.672011913594119 
-42.8884243646675 0.127918625784876 -0.672011913661319 
-42.8837354398023 0.212013486943199 -0.672011913728519 
-42.8826391944405 0.229178112544382 -0.672011913795719 
-42.87898162814 0.277815577140863 -0.672011913862919 
-42.8756211750684 0.47036073907836 -0.672011913930119 
-42.8724212314422 0.36808356092684 -1.45321191400572 
-42.8748254580301 -0.133038292543148 -0.756011914081319 
-42.868456306629 0.344150877295614 -0.756011914156919 
-42.8636922496829 0.465363173089969 -0.756011914232519 
-42.8632107213464 0.206749520256398 -0.756011914308119 
-42.8618993250258 0.155587484851116 -0.756011914383719 
-42.8600893248957 0.173152362157657 -0.756011914459319 
-42.8561722114067 0.368994105530976 -0.756011914534919 
-42.8587403625347 -0.0437048871425615 -0.756011914610519 
-42.860482060773 -0.13380427175548 -0.756011914686119 
-42.8593004380466 0.0431283205470663 -0.756011914761719 
-42.860680136259 -0.0181469433283766 -0.756011914837319 
-42.859898079599 -0.0577462212263082 -0.756011914912919 
-42.8622135137276 -0.223881883307495 -0.756011914988519 
-42.8624628156323 0.00475858488980333 -0.756011915064119 
-42.8673224952268 -0.298435527498971 -0.756011915139719 
-42.8681626084947 -0.186527043288686 -0.756011915215319 
-42.873435514534 -0.453189913079111 -0.756011915290919 
-42.8751089108806 -0.324738037561367 -0.756011915366519 
-42.8759456090539 -0.180978269532664 -0.756011915442119 
-42.8772740808475 -0.105446465488562 -0.756011915517719 
-42.8833222133575 -0.419451526180202 0.0251880844150809 
-42.8834041756276 -0.211125739663969 -0.672011915652119 
-42.8861055154443 -0.241185341185704 -0.672011915719319 
-42.8843604021114 0.0453644210455044 -0.672011915786519 
-42.8887146477073 -0.199737327618131 -0.672011915853719 
-42.8857776663642 0.129723871090309 -0.672011915920919 
-42.8917677422663 -0.276252243946535 -0.672011915988119 
-42.8898484591095 -0.0489430397286506 -0.672011916055319 
-42.8883389873029 0.161613466711638 -0.672011916122519 
-42.88918593076 -0.152106040839702 -0.672011916189719 
-42.8872973834545 0.160524896490205 -0.672011916256919 
-42.887037836266 0.115410151787705 -0.672011916324119 
-42.8840803643554 0.233540333021861 -0.672011916391319 
-42.8820620434557 0.188044444398388 -0.672011916458519 
-42.8796919678137 0.276375445392773 -0.672011916525719 
-42.8757919297976 0.358371555684363 -0.672011916592919 
-42.8736814013441 0.184424381480749 -1.45321191666852 
-42.8672268725784 0.384181804700132 -0.756011916744119 
-42.865864249839 0.245071839658151 -0.756011916819719 
-42.8619198155933 0.325342881775348 -0.756011916895319 
-42.8582793247657 0.307526543909764 -0.756011916970919 
-42.8584603247787 0.0657927066240839 -0.756011917046519 
-42.854655909411 0.297110037050639 -0.756011917122119 
-42.8525112300116 0.288930563443772 -0.756011917197719 
-42.850837833665 0.193764347760891 -0.756011917273319 
-42.8505475506252 0.088987824175195 -0.756011917348919 
-42.8496869467898 0.0360239090191467 -0.756011917424519 
-42.8484165316042 0.11815807919893 -0.756011917500119 
-42.8471358711348 0.137317023024692 -0.756011917575719 
-42.850697814787 -0.154737735120022 -0.756011917651319 
-42.8500113807754 -0.0430526536921244 -0.756011917726919 
-42.8547651924377 -0.494195382902907 -0.756011917802519 
-42.8569098718371 -0.397503315273261 -0.756011917878119 
-42.8568620605129 -0.14542024105444 -0.756011917953719 
