1.00089848041534 
1.00089848041534 
1.00089883804321 
1.00089859962463 
1.00089824199677 
1.00089812278748 
1.00089824199677 
1.00089824199677 
1.00089859962463 
1.00089859962463 
1.00089836120605 
1.00089859962463 
1.00089848041534 
1.00089848041534 
1.0008989572525 
1.00089800357819 
1.00089836120605 
1.00089800357819 
1.00089776515961 
1.00089812278748 
1.00089776515961 
1.00089800357819 
1.00089776515961 
1.00089800357819 
1.00089800357819 
1.00089812278748 
1.00089800357819 
1.00089800357819 
1.00089800357819 
1.00089824199677 
1.00089800357819 
1.00089859962463 
1.00089919567108 
1.00089919567108 
1.00089859962463 
1.00089859962463 
1.00089871883392 
1.00089848041534 
1.00089907646179 
1.00089907646179 
1.0008989572525 
1.00089883804321 
1.00089859962463 
1.00089812278748 
1.00089859962463 
1.00089859962463 
1.00089848041534 
1.00089836120605 
1.00089836120605 
1.00089836120605 
1.00089871883392 
1.00089883804321 
1.00089931488037 
1.0008989572525 
1.00089919567108 
1.00089931488037 
1.00089907646179 
1.00089919567108 
1.00089919567108 
1.00089907646179 
1.00089955329895 
1.00089931488037 
1.00089871883392 
1.00089907646179 
1.00089859962463 
1.00089919567108 
1.00089931488037 
1.00089919567108 
1.00089919567108 
1.00089836120605 
1.00089871883392 
1.00089859962463 
1.00089859962463 
1.00089871883392 
1.00089836120605 
1.00089871883392 
1.0008989572525 
1.00089883804321 
1.00089883804321 
1.00089859962463 
1.00089919567108 
1.00089871883392 
1.00089812278748 
1.00089859962463 
1.00089800357819 
1.00089836120605 
1.0008989572525 
1.00089848041534 
1.00089883804321 
1.00089859962463 
1.00089871883392 
1.00089859962463 
1.00089871883392 
1.00089848041534 
1.00089836120605 
1.00089859962463 
1.00089836120605 
1.00089848041534 
1.00089848041534 
1.00089824199677 
1.00089824199677 
1.00089848041534 
1.00089848041534 
1.00089848041534 
1.00089836120605 
1.00089871883392 
1.00089871883392 
1.00089931488037 
1.0008989572525 
1.00089919567108 
1.00089955329895 
1.00089919567108 
1.00089907646179 
1.00089955329895 
1.00089967250824 
1.00089931488037 
1.00089919567108 
1.00089943408966 
1.00089907646179 
1.00089907646179 
1.0008989572525 
1.00089919567108 
1.00089871883392 
1.0008989572525 
1.0008989572525 
1.00089848041534 
1.00089871883392 
1.00089859962463 
1.0008978843689 
1.00089812278748 
1.00089800357819 
1.00089740753174 
1.00089764595032 
1.00089764595032 
1.00089740753174 
1.00089752674103 
1.00089776515961 
1.00089752674103 
1.00089752674103 
1.00089728832245 
1.00089752674103 
1.00089764595032 
1.00089728832245 
1.00089740753174 
1.00089728832245 
1.00089752674103 
1.00089752674103 
1.00089800357819 
1.00089883804321 
1.00089859962463 
1.00089883804321 
1.0008989572525 
1.00089883804321 
1.00089883804321 
1.00089919567108 
1.0008989572525 
1.00089883804321 
1.00089848041534 
1.00089859962463 
1.00089859962463 
1.00089871883392 
1.00089919567108 
1.00089883804321 
1.00089907646179 
1.00089931488037 
1.0008989572525 
1.00089943408966 
1.00089943408966 
1.00089967250824 
1.00089943408966 
1.00089967250824 
1.00089967250824 
1.00089919567108 
1.00089907646179 
1.00089907646179 
1.00089931488037 
1.00089883804321 
1.00089907646179 
1.00089907646179 
1.00089919567108 
1.00089919567108 
1.00089836120605 
1.0008989572525 
1.00089871883392 
1.00089883804321 
1.00089871883392 
1.00089883804321 
1.00089883804321 
1.00089836120605 
1.00089848041534 
1.00089836120605 
1.00089836120605 
1.00089848041534 
1.00089776515961 
1.00089848041534 
1.00089859962463 
1.00089824199677 
1.00089800357819 
1.00089824199677 
1.00089812278748 
1.00089848041534 
1.00089824199677 
1.00089812278748 
1.00089800357819 
1.00089800357819 
1.00089800357819 
1.00089800357819 
1.0008978843689 
1.00089776515961 
1.00089800357819 
1.00089824199677 
1.00089824199677 
1.00089800357819 
1.00089800357819 
1.00089824199677 
1.00089812278748 
1.00089871883392 
1.0008989572525 
1.00089907646179 
1.0008989572525 
1.00089848041534 
1.00089907646179 
1.00089836120605 
1.00089871883392 
1.00089871883392 
1.00089836120605 
1.00089836120605 
1.00089812278748 
1.00089764595032 
1.00089764595032 
1.00089800357819 
1.00089812278748 
1.00089848041534 
1.00089812278748 
1.00089824199677 
1.00089836120605 
1.0008978843689 
1.00089776515961 
1.0008978843689 
1.00089800357819 
1.00089776515961 
1.00089776515961 
1.00089800357819 
1.00089776515961 
1.0008978843689 
1.00089752674103 
1.00089776515961 
1.00089824199677 
1.00089824199677 
1.00089776515961 
1.00089824199677 
1.00089836120605 
1.00089859962463 
1.0008989572525 
1.00089907646179 
1.00089919567108 
1.00089907646179 
1.00089919567108 
1.00089955329895 
1.00089943408966 
1.00089943408966 
1.00089979171753 
1.00090003013611 
1.0009001493454 
1.0009001493454 
1.00090003013611 
1.00089955329895 
1.00089979171753 
1.00090003013611 
1.00089991092682 
1.00089955329895 
1.00089931488037 
1.00089943408966 
1.00089979171753 
1.00089967250824 
1.00089979171753 
1.00089943408966 
1.00089931488037 
1.00089883804321 
1.00089919567108 
1.00089883804321 
1.00089919567108 
1.00089931488037 
1.00089919567108 
1.00089883804321 
1.00089907646179 
1.00089859962463 
1.0008989572525 
1.0008989572525 
1.00089871883392 
1.00089871883392 
1.00089859962463 
1.00089800357819 
1.00089836120605 
1.00089776515961 
1.00089764595032 
1.00089776515961 
1.0008978843689 
1.00089800357819 
1.0008978843689 
1.00089812278748 
1.00089824199677 
1.0008989572525 
1.00089871883392 
1.00089836120605 
1.00089836120605 
1.00089776515961 
1.00089859962463 
1.00089848041534 
1.00089907646179 
1.00089836120605 
1.00089871883392 
1.00089824199677 
1.00089812278748 
1.00089824199677 
1.00089824199677 
1.0008978843689 
1.00089824199677 
1.00089824199677 
1.00089800357819 
1.0008978843689 
1.0008978843689 
1.00089800357819 
1.00089740753174 
1.00089800357819 
1.00089764595032 
1.00089776515961 
1.00089800357819 
1.00089776515961 
1.00089812278748 
1.00089859962463 
1.00089859962463 
1.00089871883392 
1.00089871883392 
1.00089824199677 
1.00089859962463 
1.00089871883392 
1.00089907646179 
1.00089871883392 
1.00089919567108 
1.00089919567108 
1.00089919567108 
1.00089919567108 
1.00089919567108 
1.00089943408966 
1.00089931488037 
1.00089919567108 
1.0008989572525 
1.00089883804321 
1.00089883804321 
1.0008989572525 
1.00089907646179 
1.0008989572525 
1.00089919567108 
1.00089907646179 
1.00089883804321 
1.0008989572525 
1.00089883804321 
1.0008989572525 
1.00089871883392 
1.00089931488037 
1.00089848041534 
1.0008989572525 
1.00089859962463 
1.00089836120605 
1.00089919567108 
1.00089883804321 
1.00089907646179 
1.00089836120605 
1.00089848041534 
1.00089871883392 
1.00089871883392 
1.00089859962463 
1.00089871883392 
1.00089871883392 
1.00089859962463 
1.00089859962463 
1.00089836120605 
1.00089871883392 
1.00089871883392 
1.00089883804321 
1.00089848041534 
1.00089848041534 
1.00089859962463 
1.00089812278748 
1.00089776515961 
1.00089824199677 
1.00089812278748 
1.00089812278748 
1.00089776515961 
1.00089752674103 
1.00089740753174 
1.00089764595032 
1.00089800357819 
1.0008978843689 
1.0008978843689 
1.00089764595032 
1.00089776515961 
1.0008978843689 
1.0008978843689 
1.00089800357819 
1.0008978843689 
1.00089800357819 
1.00089824199677 
1.00089800357819 
1.00089836120605 
1.00089848041534 
1.00089871883392 
1.00089824199677 
1.00089871883392 
1.00089871883392 
1.00089848041534 
1.00089883804321 
1.00089848041534 
1.00089907646179 
1.00089907646179 
1.00089883804321 
1.0008989572525 
1.00089871883392 
1.0008989572525 
1.00089907646179 
1.00089919567108 
1.00089919567108 
1.0008989572525 
1.00089931488037 
1.00089907646179 
1.0008989572525 
1.00089883804321 
1.00089883804321 
1.0008989572525 
1.00089859962463 
1.0008989572525 
1.00089848041534 
1.00089883804321 
1.00089883804321 
1.00089848041534 
1.00089871883392 
1.00089848041534 
1.00089907646179 
1.00089871883392 
1.00089871883392 
1.0008989572525 
1.00089859962463 
1.0008989572525 
1.00089883804321 
1.0008989572525 
1.00089919567108 
1.00089907646179 
1.00089907646179 
1.00089931488037 
1.00089871883392 
1.00089931488037 
1.00089907646179 
1.00089871883392 
1.00089907646179 
1.00089907646179 
1.00089907646179 
1.00089871883392 
1.00089871883392 
1.00089883804321 
1.00089883804321 
1.00177872180939 
1.00762939453125 
1.01893496513367 
1.03539264202118 
1.05665588378906 
1.0823734998703 
1.11218309402466 
1.14571595191956 
1.18259990215302 
1.22246098518372 
1.2649245262146 
1.3096204996109 
1.35617971420288 
1.40424275398254 
1.45345675945282 
1.50347864627838 
1.55397796630859 
1.60463583469391 
1.65514814853668 
1.70522725582123 
1.75460135936737 
1.8030172586441 
1.85023891925812 
1.89605021476746 
1.94025421142578 
1.98267471790314 
2.0231556892395 
2.06156063079834 
2.09777355194092 
2.13169765472412 
2.16325497627258 
2.19238710403442 
2.21905207633972 
2.24322652816772 
2.26490259170532 
2.28408908843994 
2.3008074760437 
2.31509470939636 
2.3270001411438 
2.33658456802368 
2.34391927719116 
2.34908413887024 
2.35216975212097 
2.35327124595642 
2.35249352455139 
2.34994339942932 
2.3457338809967 
2.3399817943573 
2.33280611038208 
2.32432627677917 
2.31466436386108 
2.30394268035889 
2.29228091239929 
2.27979874610901 
2.26661348342896 
2.25284051895142 
2.23859214782715 
2.22397637367249 
2.20909905433655 
2.19406008720398 
2.178955078125 
2.16387438774109 
2.14890384674072 
2.13412427902222 
2.11961054801941 
2.1054310798645 
2.09165000915527 
2.07832407951355 
2.06550621986389 
2.05324268341064 
2.04157400131226 
2.03053522109985 
2.02015590667725 
2.01045894622803 
2.00146460533142 
1.99318540096283 
1.98563170433044 
1.97880733013153 
1.97271168231964 
1.96734189987183 
1.96268904209137 
1.95874059200287 
1.95548284053802 
1.95289576053619 
1.95095980167389 
1.94964909553528 
1.94893908500671 
1.94880056381226 
1.94920349121094 
1.95011603832245 
1.95150685310364 
1.95333969593048 
1.95558130741119 
1.95819652080536 
1.96114933490753 
1.96440458297729 
1.96792614459991 
1.97167992591858 
1.97563028335571 
1.9797443151474 
1.98398816585541 
1.98833012580872 
1.99273908138275 
1.99718654155731 
2.00164222717285 
2.00608086585999 
2.01047587394714 
2.01480460166931 
2.01904392242432 
2.02317476272583 
2.02717781066895 
2.03103613853455 
2.03473472595215 
2.0382604598999 
2.04160141944885 
2.04474759101868 
2.04769015312195 
2.05042362213135 
2.05294179916382 
2.05524110794067 
2.0573205947876 
2.05917882919312 
2.06081604957581 
2.06223440170288 
2.06343746185303 
2.06442904472351 
2.06521463394165 
2.06580018997192 
2.06619262695313 
2.06639862060547 
2.0664279460907 
2.06628918647766 
2.06599140167236 
2.06554436683655 
2.06495881080627 
2.06424522399902 
2.06341338157654 
2.06247448921204 
2.06143856048584 
2.06031775474548 
2.05912232398987 
2.057861328125 
2.05654740333557 
2.05518984794617 
2.05379772186279 
2.05238199234009 
2.05094933509827 
2.04951071739197 
2.0480740070343 
2.04664611816406 
2.04523515701294 
2.04384827613831 
2.04249119758606 
2.04117012023926 
2.03988981246948 
2.03865623474121 
2.03747200965881 
2.03634214401245 
2.0352680683136 
2.03425431251526 
2.03330421447754 
2.0324170589447 
2.0315945148468 
2.03083872795105 
2.03014945983887 
2.02952647209167 
2.02896928787231 
2.02847862243652 
2.02805185317993 
2.02768778800964 
2.02738547325134 
2.02714157104492 
2.02695536613464 
2.0268235206604 
2.02674388885498 
2.02671384811401 
2.02673006057739 
2.02679038047791 
2.02689146995544 
2.02702832221985 
2.02719974517822 
2.0274019241333 
2.02763199806213 
2.02788710594177 
2.02816271781921 
2.02845644950867 
2.02876567840576 
2.02908658981323 
2.02941703796387 
2.0297532081604 
2.03009295463562 
2.03043389320374 
2.03077340126038 
2.03110861778259 
2.03143858909607 
2.03176116943359 
2.0320737361908 
2.03237462043762 
2.03266334533691 
2.03293752670288 
2.03319621086121 
2.03343820571899 
2.03366303443909 
2.03386926651001 
2.03405737876892 
2.03422570228577 
2.03437447547913 
2.03450393676758 
2.03461360931396 
2.03470301628113 
2.03477263450623 
2.03482270240784 
2.03485441207886 
2.03486728668213 
2.03486227989197 
2.03483986854553 
2.03480052947998 
2.03474545478821 
2.03467559814453 
2.03459072113037 
2.03449273109436 
2.03438186645508 
2.03425908088684 
2.03412675857544 
2.03398442268372 
2.03383231163025 
2.03367352485657 
2.03350710868835 
2.03333592414856 
2.03315949440002 
2.0329794883728 
2.03279614448547 
2.03261089324951 
2.03242373466492 
2.03223609924316 
2.03204870223999 
2.03186297416687 
2.03167796134949 
2.03149557113647 
2.03131604194641 
2.03114056587219 
2.0309681892395 
2.03080034255981 
2.03063726425171 
2.03047871589661 
2.03032612800598 
2.03017830848694 
2.03003668785095 
2.02990102767944 
2.02977132797241 
2.02964806556702 
2.0295307636261 
2.02941989898682 
2.02931451797485 
2.02921533584595 
2.02912282943726 
2.02903461456299 
2.02895307540894 
2.02887606620789 
2.02880525588989 
2.02873945236206 
2.02867913246155 
2.02862286567688 
2.02857089042664 
2.02852344512939 
2.02847933769226 
2.02843904495239 
2.02840185165405 
2.02836775779724 
2.02833604812622 
2.02830600738525 
2.02827835083008 
2.02825331687927 
2.0282289981842 
2.02820634841919 
2.02818441390991 
2.02816295623779 
2.02814197540283 
2.02812099456787 
2.02810049057007 
2.02807974815369 
2.02805805206299 
2.02803611755371 
2.02801418304443 
2.02799034118652 
2.02796578407288 
2.02793979644775 
2.02791357040405 
2.02788496017456 
2.02785491943359 
2.02782273292542 
2.0277898311615 
2.02775526046753 
2.02771854400635 
2.02767992019653 
2.02764010429382 
2.02759861946106 
2.02755570411682 
2.02751040458679 
2.02746486663818 
2.02741837501526 
2.02737045288086 
2.02732372283936 
2.02727556228638 
2.02722883224487 
2.02718353271484 
2.02713799476624 
2.02709341049194 
2.02705097198486 
2.02700996398926 
2.02696967124939 
2.02693176269531 
2.02689480781555 
2.02686047554016 
2.02682900428772 
2.02679920196533 
2.02677202224731 
2.02674698829651 
2.02672338485718 
2.0267026424408 
2.02668428421021 
2.02666759490967 
2.02665376663208 
2.02664256095886 
2.02663254737854 
2.02662444114685 
2.02661919593811 
2.02661633491516 
2.02661395072937 
2.02661466598511 
2.02661657333374 
2.02662014961243 
2.02662467956543 
2.02663111686707 
2.0266387462616 
2.02664756774902 
2.02665638923645 
2.02666759490967 
2.02667951583862 
2.02669095993042 
2.02670288085938 
2.02671551704407 
2.02672863006592 
2.02674245834351 
2.02675557136536 
2.02676939964294 
2.02678298950195 
2.0267961025238 
2.02680969238281 
2.02682280540466 
2.02683520317078 
2.02684783935547 
2.02686023712158 
2.0268726348877 
2.02688384056091 
2.02689456939697 
2.02690529823303 
2.02691555023193 
2.02692365646362 
2.02693152427673 
2.02693891525269 
2.02694606781006 
2.02695274353027 
2.02695941925049 
2.02696466445923 
2.02696824073792 
2.0269718170166 
2.02697491645813 
2.02697706222534 
2.02697920799255 
2.02698063850403 
2.02698183059692 
2.02698278427124 
2.02698230743408 
2.02698135375977 
2.02697944641113 
2.02697801589966 
2.02697587013245 
2.02697348594666 
2.02697062492371 
2.02696847915649 
2.02696561813354 
2.02696228027344 
2.02695918083191 
2.02695560455322 
2.02695178985596 
2.02694773674011 
2.02694320678711 
2.02693915367126 
2.02693462371826 
2.02693104743958 
2.02692723274231 
2.02692413330078 
2.02692055702209 
2.02691674232483 
2.02691292762756 
2.0269091129303 
2.02690649032593 
2.02690386772156 
2.02690029144287 
2.02689743041992 
2.02689528465271 
2.02689242362976 
2.02688956260681 
2.0268874168396 
2.02688455581665 
2.02688241004944 
2.02688050270081 
2.02687883377075 
2.0268771648407 
2.02687549591064 
2.02687478065491 
2.02687406539917 
2.02687335014343 
2.02687311172485 
2.02687287330627 
2.02687239646912 
2.02687191963196 
2.02687239646912 
2.0268726348877 
2.02687406539917 
2.02687478065491 
2.02687549591064 
2.02687644958496 
2.02687740325928 
2.02687835693359 
2.02688026428223 
2.02688074111938 
2.02688193321228 
2.02688360214233 
2.02688455581665 
2.02688598632813 
2.02688789367676 
2.02688932418823 
2.02689146995544 
2.02689266204834 
2.02689361572266 
2.02689456939697 
2.02689599990845 
2.02689743041992 
2.02689862251282 
2.02690005302429 
2.02690052986145 
2.02690100669861 
2.02690100669861 
2.02690196037292 
2.02690243721008 
2.02690315246582 
2.02690362930298 
2.02690482139587 
2.02690505981445 
2.02690505981445 
2.02690529823303 
2.02690553665161 
2.02690577507019 
2.02690505981445 
2.02690505981445 
2.02690410614014 
2.02690315246582 
2.02690291404724 
2.0269021987915 
2.02690243721008 
2.02690267562866 
2.0269021987915 
2.0269021987915 
2.02690243721008 
2.02690172195435 
2.02690172195435 
2.02690172195435 
2.02690148353577 
2.02690172195435 
2.02690148353577 
2.02690100669861 
2.02690005302429 
2.02690052986145 
2.02690100669861 
2.02690005302429 
2.02689909934998 
2.02689909934998 
2.02689933776855 
2.02689862251282 
2.02689838409424 
2.02689909934998 
2.0268988609314 
2.02689909934998 
2.0268988609314 
2.02689790725708 
2.02689790725708 
2.02689814567566 
2.0268976688385 
2.02689814567566 
2.02689790725708 
2.02689814567566 
2.02689790725708 
2.02689814567566 
2.02689814567566 
2.02689790725708 
2.02689790725708 
2.02689790725708 
2.02689743041992 
2.02689719200134 
2.0268976688385 
2.02689790725708 
2.02689814567566 
2.02689814567566 
2.0268988609314 
2.0268988609314 
2.0268988609314 
2.02689862251282 
2.02689862251282 
2.02689909934998 
2.02689909934998 
2.02689933776855 
2.02689933776855 
2.02689933776855 
2.02689957618713 
2.02689933776855 
2.02689862251282 
2.0268988609314 
2.02689862251282 
2.02689838409424 
2.0268988609314 
2.02689909934998 
2.02689933776855 
2.02689933776855 
2.02689933776855 
2.02689933776855 
2.02689862251282 
2.02689838409424 
2.02689814567566 
2.02689790725708 
2.02689838409424 
2.0268976688385 
2.02689743041992 
2.0268976688385 
2.02689743041992 
2.02689743041992 
2.02689743041992 
2.02689647674561 
2.02689671516418 
2.02689719200134 
2.02689719200134 
2.02689743041992 
2.02689743041992 
2.02689838409424 
2.02689862251282 
2.02689790725708 
2.02689838409424 
2.02689790725708 
2.02689790725708 
2.0268976688385 
2.02689719200134 
2.02689719200134 
2.02689719200134 
2.02689671516418 
2.0268976688385 
2.02689790725708 
2.02689814567566 
2.02689790725708 
2.0268988609314 
2.02689933776855 
2.02689909934998 
2.02689957618713 
2.02689933776855 
2.02689909934998 
2.02689957618713 
2.02690005302429 
2.02689957618713 
2.02689957618713 
2.02689957618713 
2.0268988609314 
2.02689933776855 
2.02689933776855 
2.0268988609314 
2.02689933776855 
2.02689862251282 
2.02689838409424 
2.02689862251282 
2.0268988609314 
2.02689862251282 
2.02689838409424 
2.0268988609314 
2.02689862251282 
2.02689862251282 
2.02689814567566 
2.02689814567566 
2.02689790725708 
2.0268976688385 
2.02689743041992 
2.02689719200134 
2.02689814567566 
2.0268976688385 
2.0268976688385 
2.02689790725708 
2.02689814567566 
2.02689862251282 
2.02689814567566 
2.02689862251282 
2.02689933776855 
2.02689957618713 
2.02689909934998 
2.02689933776855 
2.02689957618713 
2.02689933776855 
2.02689957618713 
2.02689909934998 
2.02689933776855 
2.02689933776855 
2.0268988609314 
2.0268988609314 
2.02689933776855 
2.02689933776855 
2.02689933776855 
2.02689862251282 
2.02689933776855 
2.02689957618713 
2.02689957618713 
2.02689957618713 
2.02689933776855 
2.02689933776855 
2.02689933776855 
2.02689933776855 
2.0268988609314 
2.02689838409424 
2.02689814567566 
2.0268976688385 
2.02689790725708 
2.02689790725708 
2.02689814567566 
2.02689814567566 
2.0268976688385 
2.02689790725708 
2.02689838409424 
2.02689862251282 
2.02689838409424 
2.0268976688385 
2.02689814567566 
2.02689862251282 
2.02689838409424 
2.0268988609314 
2.02689862251282 
2.02689838409424 
2.02689838409424 
2.02689862251282 
2.02689838409424 
2.02689790725708 
2.02689790725708 
2.02689814567566 
2.02689719200134 
2.02689719200134 
2.0268976688385 
2.02689743041992 
2.02689838409424 
2.02689862251282 
2.02689790725708 
2.02689790725708 
2.02689814567566 
2.02689814567566 
2.02689862251282 
2.02689862251282 
2.0268988609314 
2.0268988609314 
2.02689909934998 
2.02689909934998 
2.0268988609314 
2.02689909934998 
2.02689909934998 
2.0268988609314 
2.02689790725708 
2.0268988609314 
2.02689909934998 
2.02689814567566 
2.02689814567566 
2.02689862251282 
2.02689814567566 
2.02689790725708 
2.02689862251282 
2.02689838409424 
2.0268988609314 
2.02689933776855 
2.02689981460571 
2.0268988609314 
2.0268988609314 
2.02689862251282 
2.02689862251282 
2.02689862251282 
2.02689790725708 
2.02689814567566 
2.02689838409424 
2.02689838409424 
2.02689838409424 
2.02689909934998 
2.02689957618713 
2.02689909934998 
2.02689933776855 
2.0268988609314 
2.02689909934998 
2.0268988609314 
2.02689909934998 
2.02689933776855 
2.02689981460571 
2.02689957618713 
2.02689933776855 
2.02689933776855 
2.02689909934998 
2.02689957618713 
2.02689933776855 
2.02689957618713 
2.02689933776855 
2.02689933776855 
2.02689933776855 
2.02689909934998 
2.02689933776855 
2.02689933776855 
2.02690005302429 
2.02689909934998 
2.02689957618713 
2.02689981460571 
2.02689981460571 
2.02690005302429 
2.02689933776855 
2.0268988609314 
2.02689909934998 
2.02689957618713 
2.0268988609314 
2.02689957618713 
2.02689909934998 
2.02689909934998 
2.02689933776855 
2.02689957618713 
2.0268988609314 
2.02689814567566 
2.02689838409424 
2.02689838409424 
2.02689814567566 
2.02689862251282 
2.02689838409424 
2.02689790725708 
2.02689743041992 
2.0268976688385 
2.02689790725708 
2.02689814567566 
2.0268976688385 
2.02689814567566 
2.02689790725708 
2.02689838409424 
2.02689814567566 
2.02689838409424 
2.02689790725708 
2.02689790725708 
2.02689790725708 
2.02689862251282 
2.0268988609314 
2.02689909934998 
2.02689909934998 
2.02689909934998 
2.02689862251282 
2.02689862251282 
2.02689862251282 
2.0268988609314 
2.02689862251282 
2.02689814567566 
2.02689838409424 
2.02689862251282 
2.02689790725708 
2.02689838409424 
2.02689790725708 
2.02689814567566 
2.02689838409424 
2.0268976688385 
2.0268976688385 
2.02689790725708 
2.0268976688385 
2.02689743041992 
2.02689671516418 
2.02689671516418 
2.0268976688385 
2.02689743041992 
2.02689743041992 
2.02689695358276 
2.02689743041992 
2.02689695358276 
2.02689719200134 
2.02689719200134 
2.02689719200134 
2.02689719200134 
2.02689743041992 
2.02689790725708 
2.0268976688385 
2.02689814567566 
2.0268988609314 
2.02689862251282 
2.02689814567566 
2.02689862251282 
2.02689862251282 
2.02689790725708 
2.02689814567566 
2.02689838409424 
2.02689814567566 
2.02689814567566 
2.02689790725708 
2.02689743041992 
2.02689790725708 
2.02689838409424 
2.02689909934998 
2.0268988609314 
2.02689862251282 
2.02689838409424 
2.0268988609314 
2.0268988609314 
2.0268988609314 
2.02689862251282 
2.02689909934998 
2.02689909934998 
2.02689957618713 
2.02690005302429 
2.02690052986145 
2.02690124511719 
2.02690100669861 
2.02690124511719 
2.02690052986145 
2.02690029144287 
2.02690005302429 
2.02690005302429 
2.02689933776855 
2.02689957618713 
2.02689909934998 
2.02689957618713 
2.02689957618713 
2.0268988609314 
2.02689933776855 
2.02689862251282 
2.02689814567566 
2.02689814567566 
2.02689814567566 
2.02689790725708 
2.02689719200134 
2.02689719200134 
2.02689790725708 
2.02689814567566 
2.0268988609314 
2.02689909934998 
2.02689933776855 
2.02689862251282 
2.0268988609314 
2.0268988609314 
2.02689933776855 
2.02689909934998 
2.0268988609314 
2.02689933776855 
2.02689909934998 
2.02689909934998 
2.02689909934998 
2.02689862251282 
2.02689909934998 
2.02689790725708 
2.02689790725708 
2.02689743041992 
2.0268976688385 
2.02689814567566 
2.02689790725708 
2.0268976688385 
2.02689743041992 
2.0268976688385 
2.0268976688385 
2.0268976688385 
2.0268976688385 
2.02689790725708 
2.02689814567566 
2.02689743041992 
2.02689790725708 
2.02689814567566 
2.0268988609314 
2.0268988609314 
2.02689862251282 
2.02689933776855 
2.02689933776855 
2.02689909934998 
2.02689862251282 
2.02689838409424 
2.02689862251282 
2.02689838409424 
2.02689838409424 
2.0268988609314 
2.02689862251282 
2.02689838409424 
2.02689909934998 
2.02689909934998 
2.02689909934998 
2.02689838409424 
2.02689814567566 
2.02689790725708 
2.02689814567566 
2.02689790725708 
2.02689790725708 
2.02689838409424 
2.02689862251282 
2.02689790725708 
2.02689790725708 
2.02689862251282 
2.02689838409424 
2.02689909934998 
2.0268988609314 
2.02689814567566 
2.02689790725708 
2.02689790725708 
2.0268976688385 
2.02689814567566 
2.02689838409424 
2.0268976688385 
2.02689838409424 
2.02689814567566 
2.02689790725708 
2.02689814567566 
2.02689862251282 
2.02689814567566 
2.02689838409424 
2.0268988609314 
2.02689838409424 
2.02689838409424 
2.02689838409424 
2.02689909934998 
2.02689957618713 
2.02689909934998 
2.02690005302429 
2.02689957618713 
2.02689933776855 
2.0268988609314 
2.02689862251282 
2.0268988609314 
2.02689909934998 
2.02689981460571 
2.02689933776855 
2.02690005302429 
2.02690076828003 
2.02690100669861 
2.02690124511719 
2.02690172195435 
2.02690148353577 
2.02690124511719 
2.02690052986145 
2.02690076828003 
2.02690076828003 
2.02690029144287 
2.02690052986145 
2.02690005302429 
2.02690029144287 
2.02689933776855 
2.02689909934998 
2.02689838409424 
2.0268976688385 
2.0268976688385 
2.0268976688385 
2.02689695358276 
2.02689719200134 
2.0268976688385 
2.02689743041992 
2.02689695358276 
2.02689743041992 
2.0268976688385 
2.02689814567566 
2.02689790725708 
2.02689743041992 
2.02689814567566 
2.02689838409424 
2.02689814567566 
2.0268976688385 
2.02689790725708 
2.02689790725708 
2.02689814567566 
2.02689790725708 
2.02689838409424 
2.02689838409424 
2.02689790725708 
2.02689838409424 
2.02689790725708 
2.02689814567566 
2.0268976688385 
2.02689790725708 
2.02689838409424 
2.02689838409424 
2.02689814567566 
2.02689743041992 
2.02689814567566 
2.02689743041992 
2.02689790725708 
2.0268976688385 
2.02689838409424 
2.0268976688385 
2.02689743041992 
2.02689743041992 
2.02689743041992 
2.02689790725708 
2.02689719200134 
2.0268976688385 
2.02689838409424 
2.0268988609314 
2.0268988609314 
2.02689838409424 
2.0268988609314 
2.0268988609314 
2.02689862251282 
2.02689838409424 
2.0268988609314 
2.0268988609314 
2.02689862251282 
2.02689814567566 
2.02689909934998 
2.0268988609314 
2.02689909934998 
2.02689933776855 
2.02689909934998 
2.02689957618713 
2.02689862251282 
2.02689909934998 
2.0268988609314 
2.02689862251282 
2.02689838409424 
2.02689909934998 
2.02689933776855 
2.02689957618713 
2.02689933776855 
2.02689909934998 
2.0268988609314 
2.02689862251282 
2.02689862251282 
2.0268988609314 
2.02689814567566 
2.02689862251282 
2.02689862251282 
2.0268988609314 
2.02689862251282 
2.02689838409424 
2.02689814567566 
2.02689838409424 
2.02689790725708 
2.02689862251282 
2.0268976688385 
2.02689743041992 
2.02689838409424 
2.02689790725708 
2.02689838409424 
2.02689862251282 
2.0268988609314 
2.02689838409424 
2.0268976688385 
2.02689838409424 
2.02689838409424 
2.0268976688385 
2.02689790725708 
2.02689838409424 
2.02689814567566 
2.02689790725708 
2.02689862251282 
2.0268988609314 
2.0268988609314 
2.02689838409424 
2.0268988609314 
2.02689933776855 
2.02689981460571 
2.02689957618713 
2.02690005302429 
2.02690005302429 
2.02689957618713 
2.02689957618713 
2.02689909934998 
2.0268988609314 
2.02689862251282 
2.02689909934998 
2.02689933776855 
2.02689933776855 
2.02689862251282 
2.02689933776855 
2.02689957618713 
2.0268988609314 
2.02689909934998 
2.02689909934998 
2.02689862251282 
2.02689862251282 
2.02689814567566 
2.02689838409424 
2.02689838409424 
2.0268988609314 
2.02689981460571 
2.02689909934998 
2.02689933776855 
2.02689981460571 
2.02689981460571 
2.02689933776855 
2.02689933776855 
2.02689909934998 
2.0268988609314 
2.02689838409424 
2.02689790725708 
2.0268976688385 
2.02689790725708 
2.02689743041992 
2.02689719200134 
2.02689719200134 
2.02689719200134 
2.02689743041992 
2.0268976688385 
2.02689790725708 
2.02689814567566 
2.02689909934998 
2.0268988609314 
2.02689909934998 
2.02689862251282 
2.0268988609314 
2.02689957618713 
2.02689909934998 
2.02689862251282 
2.02689838409424 
2.02689838409424 
2.02689838409424 
2.02689814567566 
2.02689933776855 
2.02689838409424 
2.02689862251282 
2.02689838409424 
2.02689933776855 
2.02689862251282 
2.02689814567566 
2.0268976688385 
2.02689838409424 
2.02689838409424 
2.02689838409424 
2.02689838409424 
2.02689814567566 
2.02689838409424 
2.02689862251282 
2.02689862251282 
2.02689790725708 
2.0268976688385 
2.02689790725708 
2.02689719200134 
2.0268976688385 
2.02689671516418 
2.02689671516418 
2.02689647674561 
2.02689671516418 
2.02689695358276 
2.02689599990845 
2.02689671516418 
2.02689743041992 
2.02689743041992 
2.02689743041992 
2.02689814567566 
2.02689814567566 
2.0268988609314 
2.02689909934998 
2.02689933776855 
2.02689909934998 
2.02689933776855 
2.02689933776855 
2.02690005302429 
2.02690005302429 
2.02690005302429 
2.02690052986145 
2.02690100669861 
2.02690029144287 
2.02690052986145 
2.02690052986145 
2.02689981460571 
2.02689957618713 
2.02689981460571 
2.02690005302429 
2.02689981460571 
2.02689981460571 
2.02689957618713 
2.02689957618713 
2.02689933776855 
2.02689838409424 
2.02689862251282 
2.02689862251282 
2.0268988609314 
2.02689909934998 
2.0268988609314 
2.02689838409424 
2.0268976688385 
2.02689790725708 
2.02689790725708 
2.02689862251282 
2.02689838409424 
2.0268988609314 
2.0268988609314 
2.02689933776855 
2.02689838409424 
2.02689814567566 
2.0268988609314 
2.02689957618713 
2.02689957618713 
2.02689933776855 
2.02689957618713 
2.02690029144287 
2.02689957618713 
2.02689957618713 
2.02689909934998 
2.02689838409424 
2.0268988609314 
2.0268988609314 
2.0268988609314 
2.0268988609314 
2.02689838409424 
2.02689862251282 
2.0268976688385 
2.02689743041992 
2.02689790725708 
2.02689695358276 
2.02689719200134 
2.02689743041992 
2.02689695358276 
2.02689623832703 
2.02689671516418 
2.02689647674561 
2.02689743041992 
2.02689743041992 
2.02689719200134 
2.0268976688385 
2.0268976688385 
2.02689790725708 
2.0268976688385 
2.02689790725708 
2.0268976688385 
2.0268976688385 
2.02689838409424 
2.02689814567566 
2.02689838409424 
2.0268988609314 
2.0268988609314 
2.02689957618713 
2.02689909934998 
2.02690005302429 
2.02689981460571 
2.02690029144287 
2.02690052986145 
2.02690076828003 
2.02690100669861 
2.02690076828003 
2.02690076828003 
2.02690076828003 
2.02690052986145 
2.02689957618713 
2.02689933776855 
2.02689933776855 
2.02689909934998 
2.02689909934998 
2.02689909934998 
2.02689909934998 
2.02690029144287 
2.02690005302429 
2.02689933776855 
2.02689862251282 
2.02689814567566 
2.02689838409424 
2.02689862251282 
2.02689838409424 
2.02689862251282 
2.02689862251282 
2.02689862251282 
2.02689838409424 
2.0268976688385 
2.02689790725708 
2.02689743041992 
2.02689695358276 
2.02689790725708 
2.02689743041992 
2.02689743041992 
2.02689838409424 
2.02689838409424 
2.02689790725708 
2.0268976688385 
2.02689814567566 
2.02689814567566 
2.02689790725708 
2.02689790725708 
2.0268976688385 
2.0268976688385 
2.02689838409424 
2.02689814567566 
2.02689814567566 
2.02689814567566 
2.0268976688385 
2.02689838409424 
2.02689862251282 
2.02689909934998 
2.02689862251282 
2.0268988609314 
2.02689862251282 
2.02689862251282 
2.02689790725708 
2.02689814567566 
2.02689790725708 
2.02689790725708 
2.02689719200134 
2.02689814567566 
2.02689838409424 
2.02689838409424 
2.02689909934998 
2.0268988609314 
2.02689838409424 
2.02689838409424 
2.0268988609314 
2.02689909934998 
2.0268988609314 
2.02689933776855 
2.0268988609314 
2.02689909934998 
2.02689933776855 
2.02689862251282 
2.02689790725708 
2.02689790725708 
2.02689814567566 
2.02689719200134 
2.02689623832703 
2.02689695358276 
2.02689671516418 
2.02689695358276 
2.02689671516418 
2.02689647674561 
2.02689743041992 
2.02689671516418 
2.02689719200134 
2.0268976688385 
2.02689790725708 
2.02689790725708 
2.0268976688385 
2.02689814567566 
2.02689790725708 
2.02689862251282 
2.02689790725708 
2.02689838409424 
2.0268988609314 
2.02689957618713 
2.02690052986145 
2.02690005302429 
2.02690005302429 
2.02689909934998 
2.0268988609314 
2.02689862251282 
2.0268988609314 
2.02689957618713 
2.02689933776855 
2.02689838409424 
2.02689862251282 
2.02689862251282 
2.0268988609314 
2.02689909934998 
2.0268988609314 
2.02689909934998 
2.02689909934998 
2.02689909934998 
2.02689909934998 
2.02689909934998 
2.02689957618713 
2.02689933776855 
2.02689909934998 
2.02689862251282 
2.0268988609314 
2.02689838409424 
2.02689862251282 
2.02689933776855 
2.02689981460571 
2.02689933776855 
2.02689957618713 
2.02689957618713 
2.02689933776855 
2.02689933776855 
2.02689957618713 
2.0268988609314 
2.02689862251282 
2.02689862251282 
2.02689814567566 
2.02689862251282 
2.0268988609314 
2.02689933776855 
2.0268988609314 
2.02689862251282 
2.02689814567566 
2.02689814567566 
2.0268976688385 
2.02689862251282 
2.0268976688385 
2.0268976688385 
2.02689814567566 
2.02689814567566 
2.02689790725708 
2.02689743041992 
2.02689695358276 
2.02689719200134 
2.02689719200134 
2.02689695358276 
2.02689719200134 
2.02689719200134 
2.02689671516418 
2.02689719200134 
2.02689695358276 
2.02689671516418 
2.02689719200134 
2.02689719200134 
2.02689719200134 
2.02689743041992 
2.0268976688385 
2.02689790725708 
2.02689790725708 
2.02689862251282 
2.02689862251282 
2.02689862251282 
2.02689957618713 
2.02690005302429 
2.02690005302429 
2.02690029144287 
2.02690005302429 
2.02690029144287 
2.02689957618713 
2.02690005302429 
2.02690005302429 
2.02690005302429 
2.02690005302429 
2.02689933776855 
2.02689933776855 
2.02689909934998 
2.02689957618713 
2.02689933776855 
2.02689933776855 
2.0268988609314 
2.02689909934998 
2.0268988609314 
2.02689909934998 
2.02689933776855 
2.02690005302429 
2.02689981460571 
2.02689957618713 
2.02689933776855 
2.02689862251282 
2.02689814567566 
2.02689814567566 
2.02689862251282 
2.02689933776855 
2.02689957618713 
2.02689909934998 
2.02689933776855 
2.0268976688385 
2.02689862251282 
2.02689838409424 
2.0268988609314 
2.0268988609314 
2.0268988609314 
2.02689981460571 
2.02689981460571 
2.02689909934998 
2.02689933776855 
2.02689957618713 
2.0268988609314 
2.0268988609314 
2.02689862251282 
2.02689862251282 
2.02689814567566 
2.02689862251282 
2.02689838409424 
2.02689790725708 
2.02689814567566 
2.02689862251282 
2.02689814567566 
2.02689790725708 
2.02689838409424 
2.02689862251282 
2.02689814567566 
2.0268976688385 
2.02689838409424 
2.0268976688385 
2.02689790725708 
2.02689814567566 
2.0268976688385 
2.02689814567566 
2.02689790725708 
2.02689814567566 
2.0268976688385 
2.02689743041992 
2.0268976688385 
2.02689719200134 
2.02689671516418 
2.02689695358276 
2.02689743041992 
2.0268976688385 
2.0268976688385 
2.02689743041992 
2.02689790725708 
2.02689814567566 
2.02689838409424 
2.02689862251282 
2.02689814567566 
2.02689862251282 
2.02689909934998 
2.02689909934998 
2.02689933776855 
2.02689957618713 
2.02689981460571 
2.02690029144287 
2.02690005302429 
2.02690100669861 
2.02690005302429 
2.02690005302429 
2.02690005302429 
2.02689981460571 
2.02690005302429 
2.02690005302429 
2.02689957618713 
2.02689981460571 
2.02689933776855 
2.02689981460571 
2.02690029144287 
2.02690100669861 
2.02690052986145 
2.02690029144287 
2.02689957618713 
2.02690005302429 
2.02689957618713 
2.02689933776855 
2.02689862251282 
2.02689981460571 
2.02689909934998 
2.02689909934998 
2.0268988609314 
2.02689838409424 
2.02689933776855 
2.0268988609314 
2.0268988609314 
2.0268988609314 
2.02689909934998 
2.02689838409424 
2.02689838409424 
2.02689838409424 
2.02689838409424 
2.02689814567566 
2.02689790725708 
2.02689790725708 
2.02689743041992 
2.02689743041992 
2.02689719200134 
2.0268976688385 
2.02689790725708 
2.02689743041992 
2.02689743041992 
2.02689814567566 
2.02689838409424 
2.0268976688385 
2.02689790725708 
2.0268976688385 
2.02689719200134 
2.0268976688385 
2.02689790725708 
2.0268976688385 
2.0268976688385 
2.02689743041992 
2.02689814567566 
2.02689790725708 
2.02689814567566 
2.02689743041992 
2.0268976688385 
2.02689695358276 
2.02689743041992 
2.02689790725708 
2.02689790725708 
2.02689838409424 
2.0268988609314 
2.0268988609314 
2.02689909934998 
2.02689909934998 
2.0268988609314 
2.02689933776855 
2.02689909934998 
2.0268988609314 
2.02689933776855 
2.0268988609314 
2.0268988609314 
2.02689909934998 
2.02689957618713 
2.02689909934998 
2.02689838409424 
2.02689814567566 
2.02689838409424 
2.02689743041992 
2.02689719200134 
2.02689647674561 
2.0268976688385 
2.02689695358276 
2.02689647674561 
2.02689695358276 
2.02689671516418 
2.02689790725708 
2.02689814567566 
2.0268976688385 
2.02689909934998 
2.0268988609314 
2.0268988609314 
2.02689957618713 
2.0268988609314 
2.02689909934998 
2.02689909934998 
2.02689909934998 
2.0268988609314 
2.0268988609314 
2.02689909934998 
2.02689933776855 
2.02689957618713 
2.02689909934998 
2.02689909934998 
2.02689862251282 
2.02689862251282 
2.02689814567566 
2.02689838409424 
2.0268988609314 
2.02689862251282 
2.02689909934998 
2.02689909934998 
2.02689909934998 
2.02689981460571 
2.02690005302429 
2.02690076828003 
2.02690029144287 
2.02690029144287 
2.02689909934998 
2.0268988609314 
2.02689909934998 
2.02689909934998 
2.02689933776855 
2.02689933776855 
2.02689981460571 
2.02689957618713 
2.02689933776855 
2.02689814567566 
2.02689814567566 
2.02689790725708 
2.02689743041992 
2.0268976688385 
2.02689695358276 
2.02689695358276 
2.02689671516418 
2.02689743041992 
2.0268976688385 
2.02689790725708 
2.02689814567566 
2.02689933776855 
2.02689909934998 
2.02689933776855 
2.02689957618713 
2.02689981460571 
2.02690005302429 
2.02689909934998 
2.02689862251282 
2.02689909934998 
2.02689957618713 
2.02689957618713 
2.0268988609314 
2.02689862251282 
2.02689838409424 
2.02689909934998 
2.0268988609314 
2.0268988609314 
2.02689957618713 
2.0268988609314 
2.02689909934998 
2.0268988609314 
2.02689909934998 
2.02689862251282 
2.02689838409424 
2.02689862251282 
2.02689814567566 
2.02689862251282 
2.02689814567566 
2.02689814567566 
2.02689814567566 
2.02689838409424 
2.02689838409424 
2.02689862251282 
2.02689814567566 
2.02689814567566 
2.02689814567566 
2.02689790725708 
2.02689814567566 
2.02689814567566 
2.02689814567566 
2.02689790725708 
2.02689743041992 
2.0268976688385 
2.02689743041992 
2.02689790725708 
2.0268976688385 
2.02689790725708 
2.02689838409424 
2.02689838409424 
2.02689909934998 
2.02689909934998 
2.0268988609314 
2.02689909934998 
2.02689909934998 
2.02689814567566 
2.0268988609314 
2.02689909934998 
2.02689862251282 
2.02689933776855 
2.02689957618713 
2.02689838409424 
2.02689838409424 
2.02689862251282 
2.02689909934998 
2.02689933776855 
2.02689981460571 
2.02690076828003 
2.02690100669861 
2.02690100669861 
2.02690124511719 
2.02690100669861 
2.02690100669861 
2.02690005302429 
2.02690029144287 
2.02690029144287 
2.02690052986145 
2.02689957618713 
2.02689933776855 
2.02689981460571 
2.02689981460571 
2.02689909934998 
2.02689933776855 
2.0268988609314 
2.02689862251282 
2.0268988609314 
2.02689862251282 
2.02689862251282 
2.0268988609314 
2.0268988609314 
2.02689838409424 
2.0268988609314 
2.02689838409424 
2.02689743041992 
2.02689790725708 
2.02689814567566 
2.02689743041992 
2.02689743041992 
2.02689695358276 
2.02689671516418 
2.02689695358276 
2.02689647674561 
2.02689599990845 
2.02689623832703 
2.02689623832703 
2.02689599990845 
2.02689552307129 
2.02689647674561 
2.02689671516418 
2.02689719200134 
2.02689719200134 
2.0268976688385 
2.02689790725708 
2.02689814567566 
2.02689790725708 
2.0268976688385 
2.0268988609314 
2.02689814567566 
2.02689862251282 
2.02689814567566 
2.0268988609314 
2.0268988609314 
2.02689909934998 
2.02689981460571 
2.0268988609314 
2.02689933776855 
2.02689957618713 
2.02689957618713 
2.02690052986145 
2.02690029144287 
2.02690052986145 
2.02690029144287 
2.02689981460571 
2.02690005302429 
2.02690100669861 
2.02690124511719 
2.02690172195435 
2.02690052986145 
2.02690124511719 
2.02690124511719 
2.02690029144287 
2.02689981460571 
2.02690052986145 
2.02689933776855 
2.02689957618713 
2.02689957618713 
2.02689933776855 
2.0268988609314 
2.02689838409424 
2.02689838409424 
2.0268976688385 
2.0268976688385 
2.0268976688385 
2.02689719200134 
2.02689671516418 
2.02689599990845 
2.02689599990845 
2.02689671516418 
2.02689647674561 
2.02689647674561 
2.02689695358276 
2.02689719200134 
2.02689743041992 
2.02689719200134 
2.02689719200134 
2.02689790725708 
2.02689814567566 
2.02689862251282 
2.02689862251282 
2.02689814567566 
2.02689814567566 
2.02689862251282 
2.02689909934998 
2.0268988609314 
2.02689909934998 
2.02689909934998 
2.02689933776855 
2.02689909934998 
2.02689933776855 
2.02689957618713 
2.02689933776855 
2.02689909934998 
2.02689909934998 
2.0268988609314 
2.02689862251282 
2.02689838409424 
2.02689743041992 
2.02689743041992 
2.02689743041992 
2.02689719200134 
2.02689719200134 
2.02689743041992 
2.0268976688385 
2.02689790725708 
2.02689743041992 
2.02689790725708 
2.02689814567566 
2.02689814567566 
2.02689814567566 
2.02689814567566 
2.02689790725708 
2.0268988609314 
2.02689933776855 
2.02689933776855 
2.02689957618713 
2.02689933776855 
2.02689957618713 
2.02690005302429 
2.02690005302429 
2.02690005302429 
2.02689957618713 
2.02689957618713 
2.02689909934998 
2.02689909934998 
2.02689933776855 
2.02690005302429 
2.02689933776855 
2.02689862251282 
2.0268976688385 
2.02689719200134 
2.02689743041992 
2.02689719200134 
2.02689743041992 
2.02689719200134 
2.02689671516418 
2.02689647674561 
2.02689695358276 
2.02689790725708 
2.0268976688385 
2.02689790725708 
2.02689838409424 
2.02689862251282 
2.02689862251282 
2.02689838409424 
2.02689862251282 
2.02689909934998 
2.02689862251282 
2.02689814567566 
2.02689862251282 
2.02689790725708 
2.02689814567566 
2.02689719200134 
2.02689814567566 
2.02689814567566 
2.02689743041992 
2.0268976688385 
2.02689838409424 
2.0268988609314 
2.02689862251282 
2.02596426010132 
2.01820254325867 
2.00389885902405 
1.98420524597168 
1.95958518981934 
1.93048322200775 
1.89734733104706 
1.8606264591217 
1.82076358795166 
1.77819168567657 
1.73333323001862 
1.68659615516663 
1.63837432861328 
1.5890439748764 
1.53896617889404 
1.4884831905365 
1.43791878223419 
1.38757717609406 
1.33774268627167 
1.28868055343628 
1.24063515663147 
1.19383025169373 
1.14847135543823 
1.10474133491516 
1.06280481815338 
1.02280426025391 
0.984864294528961 
0.949091017246246 
0.915573418140411 
0.88438081741333 
0.855567634105682 
0.829170048236847 
0.805213093757629 
0.783703684806824 
0.764634191989899 
0.74798595905304 
0.73372495174408 
0.72181099653244 
0.712186098098755 
0.704786360263824 
0.699537873268127 
0.696358978748322 
0.695159554481506 
0.69584333896637 
0.698308110237122 
0.702446460723877 
0.708149790763855 
0.715300321578979 
0.723783850669861 
0.733480989933014 
0.744272351264954 
0.756039500236511 
0.768662095069885 
0.782023251056671 
0.79600715637207 
0.810499489307404 
0.825389862060547 
0.840570092201233 
0.855938494205475 
0.871394336223602 
0.88684356212616 
0.902196645736694 
0.91736900806427 
0.932282209396362 
0.946862399578094 
0.961042940616608 
0.974762380123138 
0.987964451313019 
1.00060021877289 
1.01262581348419 
1.0240044593811 
1.03470301628113 
1.04469633102417 
1.05396354198456 
1.06248962879181 
1.07026410102844 
1.07728266716003 
1.0835440158844 
1.0890531539917 
1.09381866455078 
1.09785270690918 
1.10117089748383 
1.10379207134247 
1.10573923587799 
1.10703754425049 
1.10771405696869 
1.10779809951782 
1.10732138156891 
1.1063175201416 
1.10482048988342 
1.10286545753479 
1.10048842430115 
1.0977258682251 
1.09461462497711 
1.09119260311127 
1.08749485015869 
1.08355891704559 
1.07942044734955 
1.07511270046234 
1.07067155838013 
1.06612956523895 
1.06151723861694 
1.05686688423157 
1.05220556259155 
1.04756212234497 
1.04296171665192 
1.03842890262604 
1.03398537635803 
1.0296539068222 
1.02545166015625 
1.02139616012573 
1.01750385761261 
1.01378774642944 
1.01025915145874 
1.00693023204803 
1.00380706787109 
1.00089812278748 
0.998208045959473 
0.995741248130798 
0.993499517440796 
0.991482734680176 
0.989691317081451 
0.988124132156372 
0.986776053905487 
0.985645234584808 
0.984724879264832 
0.984009861946106 
0.983492374420166 
0.983165502548218 
0.983020424842834 
0.983047723770142 
0.983238577842712 
0.983583092689514 
0.984070360660553 
0.984689176082611 
0.985430479049683 
0.986281633377075 
0.987232625484467 
0.988272607326508 
0.989390015602112 
0.990573823451996 
0.991814076900482 
0.993100166320801 
0.994422256946564 
0.995770633220673 
0.997135698795319 
0.998508512973785 
0.999881327152252 
1.00124490261078 
1.00259172916412 
1.00391459465027 
1.00520861148834 
1.00646567344666 
1.00768256187439 
1.00885188579559 
1.00997078418732 
1.01103460788727 
1.01204001903534 
1.01298439502716 
1.01386642456055 
1.01468241214752 
1.01543188095093 
1.01611435413361 
1.01672828197479 
1.01727414131165 
1.0177526473999 
1.01816403865814 
1.01850998401642 
1.01879107952118 
1.0190098285675 
1.01916742324829 
1.01926648616791 
1.01930975914001 
1.01930010318756 
1.01923894882202 
1.01913022994995 
1.01897728443146 
1.01878213882446 
1.01854932308197 
1.01828181743622 
1.01798248291016 
1.01765465736389 
1.01730191707611 
1.01692724227905 
1.01653397083282 
1.0161257982254 
1.01570522785187 
1.01527523994446 
1.01483952999115 
1.01439952850342 
1.01395809650421 
1.01351928710938 
1.01308333873749 
1.0126531124115 
1.0122321844101 
1.0118203163147 
1.01142072677612 
1.01103401184082 
1.01066148281097 
1.01030564308167 
1.00996720790863 
1.00964617729187 
1.00934410095215 
1.00906109809875 
1.00879788398743 
1.00855541229248 
1.00833308696747 
1.00813114643097 
1.00795006752014 
1.00778937339783 
1.00764811038971 
1.00752675533295 
1.00742399692535 
1.00734055042267 
1.00727486610413 
1.00722694396973 
1.00719511508942 
1.00717914104462 
1.00717771053314 
1.00719094276428 
1.00721633434296 
1.00725424289703 
1.00730359554291 
1.00736224651337 
1.00743067264557 
1.00750684738159 
1.00759029388428 
1.00767958164215 
1.00777411460876 
1.00787305831909 
1.00797533988953 
1.00808000564575 
1.00818622112274 
1.00829315185547 
1.00840044021606 
1.00850689411163 
1.00861203670502 
1.00871515274048 
1.00881564617157 
1.00891256332397 
1.0090057849884 
1.00909531116486 
1.00917959213257 
1.00925981998444 
1.00933444499969 
1.00940299034119 
1.00946652889252 
1.00952446460724 
1.00957572460175 
1.00962150096893 
1.00966048240662 
1.0096937417984 
1.00972080230713 
1.00974225997925 
1.00975704193115 
1.00976645946503 
1.00976979732513 
1.00976836681366 
1.00976133346558 
1.00974893569946 
1.00973188877106 
1.0097097158432 
1.00968372821808 
1.00965404510498 
1.00962007045746 
1.00958299636841 
1.0095431804657 
1.00949919223785 
1.00945401191711 
1.00940573215485 
1.00935578346252 
1.0093035697937 
1.00925076007843 
1.00919628143311 
1.00914132595062 
1.00908625125885 
1.00902986526489 
1.00897407531738 
1.00891876220703 
1.00886285305023 
1.00880801677704 
1.00875425338745 
1.00870096683502 
1.0086487531662 
1.00859773159027 
1.00854849815369 
1.00850045681 
1.00845408439636 
1.00840973854065 
1.00836646556854 
1.00832581520081 
1.00828647613525 
1.00824987888336 
1.00821435451508 
1.00818085670471 
1.0081490278244 
1.00811922550201 
1.00809144973755 
1.00806486606598 
1.00804102420807 
1.00801801681519 
1.00799703598022 
1.00797820091248 
1.00796008110046 
1.00794398784637 
1.00792849063873 
1.0079151391983 
1.00790274143219 
1.00789153575897 
1.00788164138794 
1.00787210464478 
1.00786352157593 
1.00785601139069 
1.0078489780426 
1.00784289836884 
1.00783693790436 
1.00783133506775 
1.00782597064972 
1.00782132148743 
1.00781619548798 
1.00781226158142 
1.0078067779541 
1.00780248641968 
1.00779747962952 
1.00779294967651 
1.00778746604919 
1.00778222084045 
1.00777673721313 
1.00777089595795 
1.00776469707489 
1.00775814056396 
1.00775051116943 
1.00774300098419 
1.00773501396179 
1.00772607326508 
1.00771737098694 
1.00770723819733 
1.00769650936127 
1.0076858997345 
1.0076744556427 
1.00766241550446 
1.00765013694763 
1.00763690471649 
1.00762355327606 
1.00760996341705 
1.00759506225586 
1.00758016109467 
1.00756514072418 
1.00754964351654 
1.00753355026245 
1.00751721858978 
1.00750064849854 
1.00748407840729 
1.00746691226959 
1.00744926929474 
1.00743210315704 
1.00741469860077 
1.00739693641663 
1.00737857818604 
1.00735998153687 
1.00734198093414 
1.00732350349426 
1.00730538368225 
1.00728678703308 
1.00726878643036 
1.00725066661835 
1.0072329044342 
1.00721395015717 
1.00719630718231 
1.00717866420746 
1.00716054439545 
1.0071427822113 
1.00712537765503 
1.0071085691452 
1.00709128379822 
1.00707387924194 
1.00705683231354 
1.00704050064087 
1.00702440738678 
1.00700795650482 
1.0069922208786 
1.00697672367096 
1.00696051120758 
1.0069454908371 
1.0069305896759 
1.00691592693329 
1.00690054893494 
1.00688624382019 
1.00687193870544 
1.00685691833496 
1.00684320926666 
1.00682878494263 
1.00681483745575 
1.00680160522461 
1.0067880153656 
1.00677442550659 
1.00676155090332 
1.00674796104431 
1.00673520565033 
1.0067230463028 
1.00670993328094 
1.00669729709625 
1.0066841840744 
1.006671667099 
1.00665926933289 
1.0066465139389 
1.00663411617279 
1.00662159919739 
1.00660932064056 
1.00659680366516 
1.00658464431763 
1.0065723657608 
1.00656020641327 
1.00654745101929 
1.00653529167175 
1.00652289390564 
1.00651025772095 
1.00649750232697 
1.00648522377014 
1.00647294521332 
1.00646018981934 
1.00644779205322 
1.00643491744995 
1.00642204284668 
1.00641012191772 
1.00639724731445 
1.00638449192047 
1.00637221336365 
1.00635981559753 
1.00634682178497 
1.0063339471817 
1.0063214302063 
1.00630855560303 
1.00629556179047 
1.00628304481506 
1.00627017021179 
1.00625717639923 
1.00624465942383 
1.00623154640198 
1.006218791008 
1.00620627403259 
1.0061936378479 
1.00618016719818 
1.00616705417633 
1.00615429878235 
1.00614166259766 
1.00612938404083 
1.0061160326004 
1.00610375404358 
1.0060909986496 
1.0060783624649 
1.00606536865234 
1.00605285167694 
1.00603997707367 
1.00602781772614 
1.00601494312286 
1.00600218772888 
1.00598978996277 
1.00597739219666 
1.00596475601196 
1.00595211982727 
1.00593984127045 
1.00592744350433 
1.00591492652893 
1.0059027671814 
1.00589048862457 
1.00587821006775 
1.00586628913879 
1.00585389137268 
1.00584244728088 
1.0058308839798 
1.00581860542297 
1.00580656528473 
1.00579476356506 
1.0057829618454 
1.00577092170715 
1.00575888156891 
1.00574743747711 
1.00573587417603 
1.00572383403778 
1.00571274757385 
1.00570118427277 
1.0056893825531 
1.00567805767059 
1.0056666135788 
1.00565528869629 
1.00564336776733 
1.0056324005127 
1.00562071800232 
1.00560903549194 
1.00559818744659 
1.00558662414551 
1.005575299263 
1.00556397438049 
1.00555276870728 
1.00554192066193 
1.00553095340729 
1.00551962852478 
1.00550878047943 
1.00549757480621 
1.00548684597015 
1.00547575950623 
1.00546443462372 
1.00545334815979 
1.00544226169586 
1.00543105602264 
1.00542044639587 
1.00540947914124 
1.00539803504944 
1.00538659095764 
1.00537610054016 
1.0053653717041 
1.00535404682159 
1.00534343719482 
1.00533223152161 
1.00532174110413 
1.00531077384949 
1.00529980659485 
1.00528919696808 
1.00527858734131 
1.00526750087738 
1.00525641441345 
1.00524616241455 
1.00523567199707 
1.00522494316101 
1.00521421432495 
1.00520384311676 
1.00519251823425 
1.00518202781677 
1.00517165660858 
1.00516080856323 
1.00515031814575 
1.00514006614685 
1.00512933731079 
1.00511860847473 
1.00510823726654 
1.00509774684906 
1.00508773326874 
1.00507724285126 
1.00506687164307 
1.00505685806274 
1.00504577159882 
1.00503551959991 
1.00502598285675 
1.00501549243927 
1.00500512123108 
1.00499498844147 
1.00498497486115 
1.00497448444366 
1.00496459007263 
1.00495433807373 
1.0049444437027 
1.00493395328522 
1.0049239397049 
1.00491428375244 
1.00490391254425 
1.00489413738251 
1.00488448143005 
1.00487434864044 
1.00486433506012 
1.00485444068909 
1.00484442710876 
1.00483465194702 
1.00482523441315 
1.00481534004211 
1.00480544567108 
1.00479567050934 
1.00478601455688 
1.00477612018585 
1.00476622581482 
1.00475668907166 
1.0047470331192 
1.00473773479462 
1.00472795963287 
1.004718542099 
1.00470876693726 
1.00469923019409 
1.00468933582306 
1.00467956066132 
1.00467038154602 
1.00466120243073 
1.00465154647827 
1.00464141368866 
1.00463175773621 
1.00462293624878 
1.00461339950562 
1.00460374355316 
1.00459480285645 
1.00458538532257 
1.00457584857941 
1.00456643104553 
1.00455677509308 
1.00454759597778 
1.00453877449036 
1.00452923774719 
1.00452017784119 
1.00451076030731 
1.00450122356415 
1.00449240207672 
1.00448274612427 
1.00447404384613 
1.00446557998657 
1.00445652008057 
1.00444734096527 
1.00443851947784 
1.00442934036255 
1.00442004203796 
1.00441133975983 
1.00440192222595 
1.00439345836639 
1.00438404083252 
1.00437521934509 
1.00436639785767 
1.00435745716095 
1.00434863567352 
1.0043398141861 
1.00433111190796 
1.0043226480484 
1.00431370735168 
1.00430500507355 
1.00429689884186 
1.00428819656372 
1.004279255867 
1.00427043437958 
1.00426232814789 
1.00425314903259 
1.00424420833588 
1.0042359828949 
1.00422751903534 
1.00421941280365 
1.00421094894409 
1.00420188903809 
1.0041937828064 
1.00418519973755 
1.0041766166687 
1.0041675567627 
1.00415909290314 
1.00415062904358 
1.00414228439331 
1.00413346290588 
1.00412487983704 
1.00411665439606 
1.00410783290863 
1.00409924983978 
1.0040910243988 
1.00408208370209 
1.00407409667969 
1.00406551361084 
1.00405752658844 
1.00404930114746 
1.0040408372879 
1.00403273105621 
1.00402474403381 
1.0040158033371 
1.00400829315186 
1.00399994850159 
1.0039918422699 
1.0039838552475 
1.0039758682251 
1.00396752357483 
1.00395905971527 
1.00395119190216 
1.00394296646118 
1.00393462181091 
1.00392699241638 
1.00391888618469 
1.00391054153442 
1.00390315055847 
1.00389492511749 
1.00388717651367 
1.00387918949127 
1.00387144088745 
1.00386309623718 
1.00385522842407 
1.00384747982025 
1.00383973121643 
1.0038321018219 
1.00382459163666 
1.00381624698639 
1.00380837917328 
1.0038013458252 
1.00379347801208 
1.003786444664 
1.00377833843231 
1.00377058982849 
1.00376307964325 
1.00375485420227 
1.00374758243561 
1.00373983383179 
1.00373256206512 
1.00372445583344 
1.00371694564819 
1.00370979309082 
1.00370216369629 
1.00369453430176 
1.00368714332581 
1.00367999076843 
1.00367248058319 
1.00366485118866 
1.00365734100342 
1.00365006923676 
1.0036426782608 
1.00363528728485 
1.00362825393677 
1.00362014770508 
1.00361311435699 
1.00360560417175 
1.00359833240509 
1.00359106063843 
1.00358378887177 
1.00357663631439 
1.00356924533844 
1.00356233119965 
1.00355494022369 
1.00354754924774 
1.00354015827179 
1.00353264808655 
1.00352513790131 
1.00351858139038 
1.0035115480423 
1.00350427627563 
1.00349700450897 
1.00348973274231 
1.00348269939423 
1.00347626209259 
1.00346910953522 
1.00346207618713 
1.00345504283905 
1.0034476518631 
1.0034407377243 
1.00343370437622 
1.00342655181885 
1.00341939926147 
1.00341236591339 
1.0034054517746 
1.0033985376358 
1.00339162349701 
1.00338435173035 
1.00337815284729 
1.00337111949921 
1.00336408615112 
1.00335693359375 
1.00335037708282 
1.00334370136261 
1.00333714485168 
1.00333034992218 
1.0033233165741 
1.00331664085388 
1.00330984592438 
1.00330257415771 
1.00329625606537 
1.00328898429871 
1.0032821893692 
1.00327599048615 
1.00326919555664 
1.00326240062714 
1.00325584411621 
1.00324833393097 
1.00324189662933 
1.00323593616486 
1.00322890281677 
1.00322222709656 
1.00321578979492 
1.00320899486542 
1.0032023191452 
1.00319635868073 
1.0031898021698 
1.00318324565887 
1.00317704677582 
1.00317001342773 
1.00316381454468 
1.00315725803375 
1.00315082073212 
1.00314474105835 
1.00313806533813 
1.00313150882721 
1.00312530994415 
1.00311958789825 
1.00311279296875 
1.00310671329498 
1.00310051441193 
1.00309371948242 
1.00308775901794 
1.0030814409256 
1.00307512283325 
1.0030689239502 
1.00306248664856 
1.00305640697479 
1.00305020809174 
1.00304412841797 
1.0030380487442 
1.00303184986115 
1.0030255317688 
1.00301945209503 
1.003014087677 
1.0030072927475 
1.0030015707016 
1.00299513339996 
1.00298893451691 
1.00298273563385 
1.00297677516937 
1.00297117233276 
1.00296497344971 
1.00295913219452 
1.00295293331146 
1.00294709205627 
1.00294137001038 
1.00293529033661 
1.00292909145355 
1.00292348861694 
1.00291776657104 
1.00291156768799 
1.00290524959564 
1.00289952754974 
1.00289332866669 
1.00288736820221 
1.00288152694702 
1.00287580490112 
1.00286972522736 
1.00286364555359 
1.00285816192627 
1.0028520822525 
1.00284659862518 
1.00284087657928 
1.00283515453339 
1.00282907485962 
1.00282311439514 
1.00281691551208 
1.00281155109406 
1.00280559062958 
1.00279974937439 
1.00279378890991 
1.00278806686401 
1.00278282165527 
1.0027768611908 
1.00277149677277 
1.00276589393616 
1.00276052951813 
1.00275456905365 
1.00274860858917 
1.00274324417114 
1.00273752212524 
1.00273203849792 
1.00272655487061 
1.00272083282471 
1.00271546840668 
1.00270998477936 
1.00270414352417 
1.00269854068756 
1.00269305706024 
1.00268769264221 
1.00268232822418 
1.00267696380615 
1.00267159938812 
1.00266599655151 
1.00266087055206 
1.00265526771545 
1.00265049934387 
1.00264465808868 
1.00263917446136 
1.0026341676712 
1.00262880325317 
1.00262331962585 
1.00261831283569 
1.00261306762695 
1.0026079416275 
1.00260257720947 
1.00259780883789 
1.00259184837341 
1.00258708000183 
1.00258159637451 
1.00257587432861 
1.00257110595703 
1.00256586074829 
1.00256049633026 
1.0025554895401 
1.00255012512207 
1.00254464149475 
1.00253939628601 
1.00253462791443 
1.00252950191498 
1.00252461433411 
1.00251984596252 
1.00251436233521 
1.00250947475433 
1.00250446796417 
1.00249874591827 
1.00249409675598 
1.00248861312866 
1.00248384475708 
1.00247836112976 
1.0024733543396 
1.00246798992157 
1.00246322154999 
1.00245809555054 
1.00245320796967 
1.00244808197021 
1.00244283676147 
1.0024379491806 
1.00243246555328 
1.00242793560028 
1.00242280960083 
1.00241816043854 
1.00241243839264 
1.00240731239319 
1.00240278244019 
1.00239789485931 
1.00239264965057 
1.0023877620697 
1.00238251686096 
1.00237798690796 
1.00237357616425 
1.00236856937408 
1.0023638010025 
1.00235915184021 
1.00235402584076 
1.0023490190506 
1.00234484672546 
1.00233948230743 
1.00233507156372 
1.0023307800293 
1.00232565402985 
1.00232100486755 
1.00231647491455 
1.00231146812439 
1.00230658054352 
1.0023021697998 
1.00229752063751 
1.00229322910309 
1.0022885799408 
1.00228416919708 
1.00227963924408 
1.00227499008179 
1.00227034091949 
1.00226581096649 
1.00226140022278 
1.00225675106049 
1.00225186347961 
1.00224721431732 
1.00224220752716 
1.00223791599274 
1.00223350524902 
1.00222861766815 
1.00222408771515 
1.0022200345993 
1.00221502780914 
1.00221061706543 
1.00220584869385 
1.00220131874084 
1.002197265625 
1.00219285488129 
1.00218820571899 
1.00218331813812 
1.00217938423157 
1.00217473506927 
1.00217008590698 
1.00216603279114 
1.00216162204742 
1.00215744972229 
1.00215256214142 
1.00214874744415 
1.00214445590973 
1.00214028358459 
1.00213551521301 
1.00213158130646 
1.00212728977203 
1.00212275981903 
1.00211882591248 
1.0021139383316 
1.00210964679718 
1.00210547447205 
1.00210118293762 
1.00209677219391 
1.00209188461304 
1.00208747386932 
1.00208330154419 
1.00207853317261 
1.00207436084747 
1.00207054615021 
1.00206625461578 
1.00206184387207 
1.00205731391907 
1.00205338001251 
1.00204992294312 
1.00204575061798 
1.00204110145569 
1.00203716754913 
1.00203251838684 
1.00202858448029 
1.00202465057373 
1.00202107429504 
1.00201666355133 
1.0020124912262 
1.00200843811035 
1.0020045042038 
1.0019998550415 
1.00199627876282 
1.00199222564697 
1.00198829174042 
1.00198400020599 
1.00197970867157 
1.0019758939743 
1.00197196006775 
1.00196874141693 
1.0019645690918 
1.00196087360382 
1.00195670127869 
1.001953125 
1.00194907188416 
1.00194454193115 
1.00194096565247 
1.00193691253662 
1.00193238258362 
1.00192832946777 
1.00192523002625 
1.00192081928253 
1.00191700458527 
1.00191330909729 
1.00190949440002 
1.0019052028656 
1.00190162658691 
1.00189793109894 
1.0018937587738 
1.00188994407654 
1.00188648700714 
1.00188231468201 
1.00187826156616 
1.00187480449677 
1.00187087059021 
1.00186693668365 
1.00186288356781 
1.0018595457077 
1.00185549259186 
1.00185143947601 
1.00184786319733 
1.00184392929077 
1.00183987617493 
1.00183665752411 
1.00183308124542 
1.00182974338531 
1.00182569026947 
1.00182211399078 
1.00181806087494 
1.00181424617767 
1.0018105506897 
1.00180721282959 
1.00180327892303 
1.00179958343506 
1.00179529190063 
1.00179195404053 
1.00178837776184 
1.00178444385529 
1.00178098678589 
1.00177705287933 
1.00177359580994 
1.00176990032196 
1.00176656246185 
1.00176274776459 
1.00175929069519 
1.00175559520721 
1.00175201892853 
1.00174868106842 
1.00174486637115 
1.00174188613892 
1.00173795223236 
1.00173461437225 
1.0017306804657 
1.00172781944275 
1.00172436237335 
1.00172066688538 
1.00171720981598 
1.00171411037445 
1.00170993804932 
1.00170648097992 
1.00170338153839 
1.00169956684113 
1.00169634819031 
1.00169253349304 
1.00168895721436 
1.00168550014496 
1.00168216228485 
1.00167870521545 
1.00167524814606 
1.00167191028595 
1.00166869163513 
1.00166487693787 
1.00166165828705 
1.00165820121765 
1.00165545940399 
1.00165188312531 
1.0016485452652 
1.0016450881958 
1.00164127349854 
1.00163805484772 
1.00163471698761 
1.00163161754608 
1.00162792205811 
1.00162494182587 
1.00162136554718 
1.00161755084991 
1.00161480903625 
1.00161123275757 
1.00160765647888 
1.00160455703735 
1.00160133838654 
1.00159788131714 
1.0015949010849 
1.00159120559692 
1.00158822536469 
1.00158536434174 
1.00158178806305 
1.0015789270401 
1.00157594680786 
1.00157225131989 
1.00156903266907 
1.0015664100647 
1.00156342983246 
1.00155985355377 
1.00155651569366 
1.00155401229858 
1.00155103206635 
1.00154769420624 
1.00154459476471 
1.00154161453247 
1.00153839588165 
1.00153505802155 
1.00153195858002 
1.00152850151062 
1.0015252828598 
1.00152277946472 
1.0015195608139 
1.0015162229538 
1.00151336193085 
1.00151014328003 
1.00150680541992 
1.00150394439697 
1.00150084495544 
1.00149822235107 
1.00149488449097 
1.00149154663086 
1.00148892402649 
1.00148630142212 
1.00148296356201 
1.00147974491119 
1.0014773607254 
1.00147449970245 
1.00147080421448 
1.00146770477295 
1.00146472454071 
1.00146186351776 
1.00145900249481 
1.00145590305328 
1.00145316123962 
1.00145041942596 
1.00144743919373 
1.00144445896149 
1.00144195556641 
1.00143873691559 
1.00143599510193 
1.00143313407898 
1.001429438591 
1.00142681598663 
1.00142407417297 
1.00142073631287 
1.00141787528992 
1.00141489505768 
1.00141167640686 
1.00140905380249 
1.00140619277954 
1.0014032125473 
1.00140047073364 
1.00139737129211 
1.00139474868774 
1.00139176845551 
1.00138890743256 
1.0013861656189 
1.00138354301453 
1.00138032436371 
1.00137758255005 
1.00137495994568 
1.00137221813202 
1.00136935710907 
1.00136613845825 
1.00136339664459 
1.00136113166809 
1.00135815143585 
1.00135517120361 
1.00135207176208 
1.00134968757629 
1.00134706497192 
1.00134420394897 
1.0013415813446 
1.00133919715881 
1.00133657455444 
1.00133383274078 
1.00133085250854 
1.0013279914856 
1.00132489204407 
1.00132215023041 
1.00132036209106 
1.00131773948669 
1.00131464004517 
1.00131237506866 
1.001309633255 
1.00130653381348 
1.00130438804626 
1.00130176544189 
1.00129902362823 
1.00129663944244 
1.00129377841949 
1.00129103660583 
1.00128829479218 
1.00128579139709 
1.00128316879272 
1.00128042697906 
1.00127768516541 
1.00127506256104 
1.00127232074738 
1.00126993656158 
1.00126707553864 
1.0012640953064 
1.00126147270203 
1.00125920772552 
1.00125646591187 
1.0012538433075 
1.0012514591217 
1.00124907493591 
1.00124657154083 
1.00124394893646 
1.00124108791351 
1.00123858451843 
1.00123572349548 
1.00123310089111 
1.00123119354248 
1.0012286901474 
1.00122606754303 
1.00122356414795 
1.001220703125 
1.00121879577637 
1.00121581554413 
1.00121378898621 
1.00121116638184 
1.0012092590332 
1.00120639801025 
1.00120401382446 
1.00120091438293 
1.00119888782501 
1.00119638442993 
1.0011944770813 
1.00119173526764 
1.00118958950043 
1.00118684768677 
1.00118410587311 
1.00118184089661 
1.00117945671082 
1.00117695331573 
1.00117480754852 
1.00117266178131 
1.00117027759552 
1.00116777420044 
1.00116550922394 
1.00116312503815 
1.00116086006165 
1.00115883350372 
1.00115621089935 
1.00115394592285 
1.00115168094635 
1.00114929676056 
1.00114738941193 
1.00114500522614 
1.00114297866821 
1.00114035606384 
1.00113809108734 
1.00113570690155 
1.00113332271576 
1.00113153457642 
1.00112915039063 
1.00112676620483 
1.00112462043762 
1.00112223625183 
1.00111973285675 
1.00111746788025 
1.00111484527588 
1.00111281871796 
1.00111019611359 
1.00110852718353 
1.00110602378845 
1.00110352039337 
1.00110113620758 
1.00109887123108 
1.00109660625458 
1.00109434127808 
1.00109219551086 
1.00108969211578 
1.0010871887207 
1.00108468532562 
1.00108277797699 
1.00108110904694 
1.00107896327972 
1.00107669830322 
1.00107455253601 
1.00107228755951 
1.00107026100159 
1.00106811523438 
1.00106608867645 
1.00106394290924 
1.00106203556061 
1.0010598897934 
1.00105726718903 
1.00105535984039 
1.00105345249176 
1.00105154514313 
1.00104939937592 
1.00104761123657 
1.0010449886322 
1.00104296207428 
1.00104033946991 
1.00103843212128 
1.00103628635406 
1.00103402137756 
1.00103211402893 
1.00103044509888 
1.00102782249451 
1.00102591514587 
1.00102376937866 
1.00102186203003 
1.00101959705353 
1.00101721286774 
1.00101506710052 
1.00101244449615 
1.00101065635681 
1.00100827217102 
1.0010062456131 
1.00100409984589 
1.00100183486938 
1.00099980831146 
1.00099778175354 
1.00099563598633 
1.0009937286377 
1.00099158287048 
1.00098967552185 
1.00098729133606 
1.00098526477814 
1.00098323822021 
1.00098121166229 
1.00097894668579 
1.00097739696503 
1.00097501277924 
1.00097298622131 
1.00097095966339 
1.00096917152405 
1.00096702575684 
1.00096523761749 
1.00096368789673 
1.00096166133881 
1.00095987319946 
1.00095784664154 
1.00095617771149 
1.00095391273499 
1.00095248222351 
1.00095021724701 
1.00094830989838 
1.00094676017761 
1.00094449520111 
1.00094294548035 
1.000941157341 
1.00093948841095 
1.00093746185303 
1.00093507766724 
1.00093328952789 
1.00093138217926 
1.00092959403992 
1.00092828273773 
1.00092613697052 
1.00092422962189 
1.00092256069183 
1.00092029571533 
1.00091850757599 
1.00091671943665 
1.00091516971588 
1.00091326236725 
1.00091123580933 
1.00091004371643 
1.0009081363678 
1.00090646743774 
1.0009046792984 
1.00090336799622 
1.00090181827545 
1.00090050697327 
1.0008989572525 
1.00089740753174 
1.00089597702026 
1.00089454650879 
1.00089395046234 
1.0008932352066 
1.00089240074158 
1.00089168548584 
1.00089037418365 
1.0008898973465 
1.00088918209076 
1.0008887052536 
1.00088858604431 
1.00088798999786 
1.00088787078857 
1.00088787078857 
1.00088787078857 
1.00088751316071 
1.00088763237 
1.00088798999786 
1.00088834762573 
1.00088834762573 
1.00088846683502 
1.00088858604431 
1.00088894367218 
1.0008898973465 
1.00089001655579 
1.00089037418365 
1.00089108943939 
1.00089168548584 
1.000892162323 
1.00089263916016 
1.00089335441589 
1.00089395046234 
1.0008944272995 
1.00089514255524 
1.00089538097382 
1.00089609622955 
1.000896692276 
1.00089704990387 
1.00089800357819 
1.00089836120605 
1.00089859962463 
1.00089919567108 
1.00089907646179 
1.00089919567108 
1.00089991092682 
1.00089979171753 
1.0009001493454 
1.00090003013611 
1.00090003013611 
1.00090038776398 
1.00090026855469 
1.00090050697327 
1.00090086460114 
1.000901222229 
1.000901222229 
1.00090157985687 
1.00090169906616 
1.00090146064758 
1.00090146064758 
1.00090169906616 
1.00090157985687 
1.00090169906616 
1.00090181827545 
1.00090169906616 
1.000901222229 
1.00090146064758 
1.00090110301971 
1.00090098381042 
1.00090110301971 
1.00090050697327 
1.00090086460114 
1.00090050697327 
1.00090003013611 
1.00090026855469 
1.00090003013611 
1.00089991092682 
1.00089967250824 
1.0008989572525 
1.00089883804321 
1.00089919567108 
1.00089871883392 
1.0008989572525 
1.00089883804321 
1.0008989572525 
1.00089883804321 
1.00089859962463 
1.00089824199677 
1.00089812278748 
1.00089812278748 
1.00089776515961 
1.00089824199677 
1.00089812278748 
1.00089752674103 
1.00089728832245 
1.00089728832245 
1.00089752674103 
1.00089716911316 
1.00089704990387 
1.00089681148529 
1.00089693069458 
1.00089716911316 
1.00089693069458 
1.00089681148529 
1.00089704990387 
1.00089740753174 
1.00089776515961 
1.00089764595032 
1.00089764595032 
1.00089800357819 
1.00089800357819 
1.00089836120605 
1.00089812278748 
1.00089812278748 
1.0008978843689 
1.00089800357819 
1.00089848041534 
1.00089848041534 
1.00089859962463 
1.00089824199677 
1.00089859962463 
1.00089836120605 
1.00089824199677 
1.00089848041534 
1.00089836120605 
1.00089859962463 
1.00089907646179 
1.00089931488037 
1.00089919567108 
1.00089943408966 
1.00089919567108 
1.00089931488037 
1.00089943408966 
1.00089967250824 
1.00089943408966 
1.00089955329895 
1.00089919567108 
1.00089943408966 
1.00089919567108 
1.00089943408966 
1.00089931488037 
1.00089859962463 
1.00089859962463 
1.00089871883392 
1.00089883804321 
1.00089907646179 
1.0008989572525 
1.00089943408966 
1.00089883804321 
1.00089919567108 
1.00089859962463 
1.00089883804321 
1.00089907646179 
1.0008989572525 
1.00089883804321 
1.0008978843689 
1.00089848041534 
1.00089859962463 
1.00089871883392 
1.00089859962463 
1.00089848041534 
1.00089859962463 
1.00089871883392 
1.00089848041534 
1.00089883804321 
1.00089871883392 
1.00089919567108 
1.00089883804321 
1.00089883804321 
1.00089824199677 
1.00089800357819 
1.00089859962463 
1.00089859962463 
1.00089883804321 
1.00089871883392 
1.00089859962463 
1.00089848041534 
1.00089848041534 
1.00089883804321 
1.00089871883392 
1.0008989572525 
1.00089859962463 
1.00089859962463 
1.00089883804321 
1.00089848041534 
1.00089836120605 
1.00089824199677 
1.0008978843689 
1.00089824199677 
1.00089764595032 
1.00089752674103 
1.00089812278748 
1.00089800357819 
1.00089824199677 
1.00089824199677 
1.0008978843689 
1.0008978843689 
1.00089740753174 
1.00089776515961 
1.00089800357819 
1.00089800357819 
1.00089812278748 
1.00089812278748 
1.00089800357819 
1.0008978843689 
1.00089812278748 
1.00089824199677 
1.00089859962463 
1.00089848041534 
1.00089859962463 
1.00089824199677 
1.00089859962463 
1.00089859962463 
1.00089871883392 
1.00089919567108 
1.00089931488037 
1.00089955329895 
1.00089919567108 
1.00089943408966 
1.00089955329895 
1.00089943408966 
1.00089931488037 
1.00089907646179 
1.00089955329895 
1.00089919567108 
1.00089907646179 
1.00089871883392 
1.00089943408966 
1.0008989572525 
1.00089919567108 
1.0008989572525 
1.0008989572525 
1.00089859962463 
1.0008989572525 
1.00089859962463 
1.00089883804321 
1.00089848041534 
1.00089836120605 
1.00089859962463 
1.00089764595032 
1.00089800357819 
1.00089824199677 
1.00089883804321 
1.00089824199677 
1.00089848041534 
1.00089836120605 
1.00089871883392 
1.00089883804321 
1.00089919567108 
1.00089919567108 
1.00089919567108 
1.0008989572525 
1.0008989572525 
1.00089907646179 
1.00089907646179 
1.00089943408966 
1.00089931488037 
1.0008989572525 
1.0008989572525 
1.00089871883392 
1.00089871883392 
1.0008989572525 
1.00089871883392 
1.00089836120605 
1.00089848041534 
1.00089883804321 
1.00089848041534 
1.00089871883392 
1.00089871883392 
1.0008989572525 
1.00089836120605 
1.00089848041534 
1.00089848041534 
1.00089824199677 
1.00089824199677 
1.00089812278748 
1.00089871883392 
1.00089836120605 
1.00089848041534 
1.00089836120605 
1.00089859962463 
1.00089883804321 
1.00089883804321 
1.0008989572525 
1.00089871883392 
1.00089824199677 
1.00089824199677 
1.0008978843689 
1.00089836120605 
1.00089812278748 
1.00089800357819 
1.00089800357819 
1.00089776515961 
1.00089776515961 
1.00089740753174 
1.00089752674103 
1.00089776515961 
1.00089764595032 
1.00089824199677 
1.00089776515961 
1.0008978843689 
1.00089848041534 
1.00089824199677 
1.00089824199677 
1.00089824199677 
1.00089859962463 
1.00089859962463 
1.00089871883392 
1.00008642673492 
0.995673358440399 
0.987337112426758 
0.975078821182251 
0.958899140357971 
0.93879908323288 
0.914779484272003 
0.886841177940369 
0.854985058307648 
0.819211900234222 
0.77952241897583 
0.735917568206787 
0.68839818239212 
0.636965095996857 
0.581619143486023 
0.522361099720001 
0.45919194817543 
0.392112523317337 
0.321123719215393 
0.246226400136948 
0.167421385645866 
0.0847096517682076 
0.0118634682148695 
0.0575361140072346 
0.0994123369455338 
0.137356355786324 
0.171368971467018 
0.201451003551483 
0.227603256702423 
0.249826565384865 
0.268121689558029 
0.282489508390427 
0.292930752038956 
0.299446284770966 
0.302036881446838 
0.300703287124634 
0.295446306467056 
0.286266893148422 
0.273165673017502 
0.256143450737 
0.235201090574265 
0.21033938229084 
0.18155911564827 
0.14886112511158 
0.112246260046959 
0.0717153400182724 
0.027269147336483 
0.0227294694632292 
0.0434882752597332 
0.0603216998279095 
0.0732297524809837 
0.0822119638323784 
0.0872686505317688 
0.0884001404047012 
0.08560661226511 
0.0791346058249474 
0.0699829384684563 
0.0569278746843338 
0.0403074994683266 
0.0202020350843668 
0.0164191294461489 
0.0258638486266136 
0.0318317487835884 
0.0339030511677265 
0.032472088932991 
0.0273849777877331 
0.0186717379838228 
0.0114727467298508 
0.0157859735190868 
0.0170954335480928 
0.0145833576098084 
0.010214583016932 
0.0115409167483449 
0.0101572033017874 
0.0100621627643704 
0.00999949034303427 
0.00999949220567942 
0.00999947916716337 
0.00999950990080833 
0.00999958626925945 
0.00999952387064695 
0.00999950058758259 
0.00999950245022774 
0.00999955926090479 
0.0099995993077755 
0.00999958906322718 
0.00999958347529173 
0.00999960396438837 
0.00999958906322718 
0.00999964214861393 
0.00999968685209751 
0.00999967195093632 
0.00999965518712997 
0.0099996430799365 
0.0099996542558074 
0.0099997129291296 
0.00999970640987158 
0.0099996579810977 
0.00999967288225889 
0.00999967940151691 
0.00999976508319378 
0.00999975576996803 
0.00999974925071001 
0.0099997203797102 
0.00999968312680721 
0.0099997092038393 
0.00999971013516188 
0.00999970175325871 
0.00999968219548464 
0.00999970082193613 
0.00999968871474266 
0.00999968126416206 
0.00999969709664583 
0.00999965518712997 
0.00999959744513035 
0.00999960396438837 
0.00999956950545311 
0.009999661706388 
0.00999961793422699 
0.00999962072819471 
0.00999963190406561 
0.00999962631613016 
0.00999957881867886 
0.00999963656067848 
0.00999959744513035 
0.00999954901635647 
0.00999958626925945 
0.00999961607158184 
0.00999955739825964 
0.00999957136809826 
0.00999960489571095 
0.00999958161264658 
0.00999961979687214 
0.00999963376671076 
0.00999963656067848 
0.00999955553561449 
0.00999962817877531 
0.00999962445348501 
0.00999961514025927 
0.00999961234629154 
0.00999963283538818 
0.00999964866787195 
0.00999965146183968 
0.00999966077506542 
0.00999967288225889 
0.00999972224235535 
0.009999705478549 
0.00999969802796841 
0.00999967381358147 
0.00999969989061356 
0.00999971013516188 
0.00999968592077494 
0.00999972783029079 
0.00999967660754919 
0.00999967753887177 
0.00999967940151691 
0.0099997092038393 
0.00999967474490404 
0.00999964587390423 
0.00999964959919453 
0.00999967288225889 
0.00999971013516188 
0.00999962631613016 
0.00999964401125908 
0.00999966077506542 
0.00999963469803333 
0.00999964773654938 
0.00999963190406561 
0.00999960862100124 
0.00999960117042065 
0.00999961700290442 
0.00999960582703352 
0.00999959278851748 
0.00999959092587233 
0.00999960768967867 
0.00999962724745274 
0.00999956857413054 
0.00999960955232382 
0.00999959092587233 
0.00999963562935591 
0.00999959465116262 
0.00999960396438837 
0.00999958254396915 
0.00999959371984005 
0.00999966356903315 
0.00999957975000143 
0.00999963004142046 
0.00999962072819471 
0.00999968312680721 
0.00999967753887177 
0.00999964401125908 
0.00999966077506542 
0.00999969895929098 
0.00999969616532326 
0.00999965611845255 
0.00999968685209751 
0.00999967008829117 
0.00999964121729136 
0.00999965518712997 
0.0099996468052268 
0.00999969430267811 
0.00999965984374285 
0.00999972503632307 
0.00999970827251673 
0.00999963656067848 
0.00999969337135553 
0.00999970734119415 
0.00999969895929098 
0.00999965611845255 
0.00999964494258165 
0.00999966636300087 
0.0099996430799365 
0.00999962911009789 
0.00999966263771057 
0.00999960862100124 
0.00999968033283949 
0.00999966077506542 
0.00999960955232382 
0.00999960489571095 
0.00999963190406561 
0.00999961420893669 
0.0099995993077755 
0.00999960489571095 
0.00999959465116262 
0.00999961048364639 
0.00999961700290442 
0.00999957229942083 
0.00999962072819471 
0.00999961514025927 
0.00999957043677568 
0.00999962817877531 
0.0099995955824852 
0.00999961234629154 
0.00999963562935591 
0.0099996542558074 
0.00999960862100124 
0.00999963283538818 
0.00999962259083986 
0.0099995844066143 
0.00999962911009789 
0.00999963562935591 
0.00999962352216244 
0.00999961327761412 
0.00999969895929098 
0.00999964959919453 
0.00999962165951729 
0.00999961793422699 
0.00999969523400068 
0.00999961234629154 
0.00999962538480759 
0.00999969616532326 
0.00999963097274303 
0.00999966356903315 
0.00999963842332363 
0.0099996654316783 
0.00999961979687214 
0.00999969337135553 
0.00999966636300087 
0.00999971572309732 
0.00999967008829117 
0.00999963376671076 
0.00999968033283949 
0.00999969150871038 
0.00999964866787195 
0.00999968126416206 
0.00999962817877531 
0.00999962538480759 
0.00999964587390423 
0.0099996579810977 
0.00999964494258165 
0.00999963097274303 
0.00999962165951729 
0.00999965704977512 
0.00999961327761412 
0.00999961420893669 
0.00999964401125908 
0.00999960768967867 
0.00999957602471113 
0.0099995844066143 
0.00999962817877531 
0.00999963749200106 
0.00999963842332363 
0.00999963097274303 
0.00999958626925945 
0.0099996654316783 
0.00999961141496897 
0.00999960582703352 
0.00999962165951729 
0.00999961700290442 
0.00999960768967867 
0.00999959278851748 
0.00999962538480759 
0.0099996030330658 
0.00999962352216244 
0.00999961420893669 
0.0099996505305171 
0.00999968312680721 
0.00999968033283949 
0.00999967008829117 
0.00999969709664583 
0.0099997129291296 
0.00999960210174322 
0.00999965146183968 
0.00999967008829117 
0.00999963190406561 
0.00999967288225889 
0.00999969616532326 
0.00999965518712997 
0.00999969244003296 
0.00999963283538818 
0.0099996654316783 
0.00999969523400068 
0.00999961141496897 
0.00999966077506542 
0.00999964587390423 
0.00999962445348501 
0.0099995955824852 
0.00999965891242027 
0.00999956578016281 
0.00999960955232382 
0.0099995844066143 
0.0099996430799365 
0.00999966636300087 
0.00999964494258165 
0.00999962072819471 
0.00999959278851748 
0.00999962724745274 
0.00999963190406561 
0.00999959651380777 
0.00999963004142046 
0.00999962165951729 
0.009999661706388 
0.00999963562935591 
0.00999961048364639 
0.0099996505305171 
0.00999963004142046 
0.00999967940151691 
0.00999963283538818 
0.00999965518712997 
0.00999965239316225 
0.00999963935464621 
0.00999965984374285 
0.00999960955232382 
0.00999965984374285 
0.00999960768967867 
0.00999961979687214 
0.00999961141496897 
0.00999962817877531 
0.00999962538480759 
0.00999961700290442 
0.00999965611845255 
0.00999964959919453 
0.00999960210174322 
0.00999961607158184 
0.00999968592077494 
0.00999963190406561 
0.00999962538480759 
0.00999963097274303 
0.00999963842332363 
0.009999661706388 
0.00999962072819471 
0.00999965704977512 
0.00999965518712997 
0.00999966822564602 
0.00999961234629154 
0.0099996579810977 
0.00999964773654938 
0.00999963283538818 
0.00999963842332363 
0.00999964214861393 
0.00999957323074341 
0.00999969150871038 
0.00999961979687214 
0.00999961234629154 
0.00999964866787195 
0.00999961793422699 
0.00999962817877531 
0.00999960023909807 
0.00999958533793688 
0.00999961514025927 
0.00999958533793688 
0.00999963190406561 
0.00999963283538818 
0.00999963842332363 
0.00999960675835609 
0.0099996468052268 
0.0099996430799365 
0.00999959744513035 
0.00999963283538818 
0.00999966077506542 
0.00999961886554956 
0.00999961886554956 
0.00999967940151691 
0.00999963562935591 
0.00999965332448483 
0.00999962259083986 
0.00999961979687214 
0.00999968219548464 
0.00999964494258165 
0.00999970361590385 
0.00999963469803333 
0.00999963469803333 
0.00999963004142046 
0.00999963004142046 
0.00999965332448483 
0.00999964494258165 
0.00999965239316225 
0.00999962817877531 
0.00999969430267811 
0.00999966450035572 
0.00999966450035572 
0.00999962724745274 
0.00999964121729136 
0.00999963097274303 
0.00999966450035572 
0.0099996579810977 
0.00999963283538818 
0.00999960396438837 
0.00999966729432344 
0.00999964773654938 
0.00999964959919453 
0.00999965332448483 
0.00999960582703352 
0.00999959371984005 
0.00999964866787195 
0.00999963097274303 
0.00999960210174322 
0.00999963004142046 
0.00999963283538818 
0.00999958068132401 
0.00999964773654938 
0.00999955553561449 
0.00999962911009789 
0.00999962445348501 
0.00999958347529173 
0.00999967288225889 
0.0099996505305171 
0.00999961886554956 
0.0099996468052268 
0.00999961141496897 
0.00999964401125908 
0.0099996579810977 
0.009999661706388 
0.0099996430799365 
0.00999966915696859 
0.00999962259083986 
0.00999963376671076 
0.00999962352216244 
0.00999963190406561 
0.00999964121729136 
0.00999963283538818 
0.00999968219548464 
0.00999964214861393 
0.00999964121729136 
0.00999962538480759 
0.00999963935464621 
0.00999969150871038 
0.00999963283538818 
0.00999967008829117 
0.00999967008829117 
0.00999962538480759 
0.00999960768967867 
0.00999960862100124 
0.00999963749200106 
0.00999960955232382 
0.00999963562935591 
0.00999963283538818 
0.00999961886554956 
0.0099996579810977 
0.0099996542558074 
0.00999963935464621 
0.00999963376671076 
0.00999965704977512 
0.00999963376671076 
0.00999964866787195 
0.00999962817877531 
0.00999962538480759 
0.00999965518712997 
0.00999965891242027 
0.00999966077506542 
0.00999961327761412 
0.00999963376671076 
0.00999962631613016 
0.0099996579810977 
0.00999962911009789 
0.00999964866787195 
0.00999965518712997 
0.00999966729432344 
0.00999959371984005 
0.00999965984374285 
0.00999968778342009 
0.00999968033283949 
0.00999966356903315 
0.009999661706388 
0.00999968685209751 
0.00999957695603371 
0.00999966915696859 
0.00999965146183968 
0.0099996542558074 
0.00999965984374285 
0.00999959744513035 
0.00999964866787195 
0.0099996505305171 
0.00999966356903315 
0.00999960117042065 
0.00999964214861393 
0.00999960955232382 
0.00999969244003296 
0.00999963469803333 
0.00999964028596878 
0.00999965704977512 
0.00999962817877531 
0.00999964773654938 
0.00999964121729136 
0.00999965518712997 
0.00999961700290442 
0.00999962072819471 
0.00999965891242027 
0.00999962911009789 
0.00999962911009789 
0.00999961700290442 
0.00999967660754919 
0.00999967008829117 
0.00999962724745274 
0.00999964121729136 
0.0099995918571949 
0.00999965518712997 
0.00999964121729136 
0.00999964959919453 
0.00999964028596878 
0.00999963935464621 
0.00999962817877531 
0.00999962724745274 
0.00999961700290442 
0.00999962911009789 
0.00999962259083986 
0.00999961514025927 
0.00999967474490404 
0.00999959092587233 
0.00999962445348501 
0.00999963842332363 
0.00999964959919453 
0.00999961141496897 
0.00999963004142046 
0.0099996654316783 
0.00999964121729136 
0.00999961327761412 
0.00999965984374285 
0.00999966915696859 
0.0099996030330658 
0.00999967101961374 
0.00999964494258165 
0.00999963190406561 
0.00999960117042065 
0.00999964773654938 
0.00999965611845255 
0.00999968405812979 
0.0099996505305171 
0.00999965518712997 
0.0099995993077755 
0.00999963562935591 
0.00999960582703352 
0.00999963004142046 
0.00999965332448483 
0.00999967847019434 
0.00999969150871038 
0.00999963935464621 
0.00999961979687214 
0.00999962259083986 
0.009999661706388 
0.00999961886554956 
0.00999957509338856 
0.00999962724745274 
0.00999966356903315 
0.00999962352216244 
0.00999957695603371 
0.00999961700290442 
0.00999966450035572 
0.00999963190406561 
0.00999959092587233 
0.009999661706388 
0.00999962538480759 
0.00999963935464621 
0.00999963935464621 
0.009999661706388 
0.00999964959919453 
0.00999962817877531 
0.00999963004142046 
0.00999964401125908 
0.00999961979687214 
0.00999963562935591 
0.00999967940151691 
0.00999964028596878 
0.0099996505305171 
0.00999967101961374 
0.00999963562935591 
0.0099996654316783 
0.0099996654316783 
0.00999965611845255 
0.00999960582703352 
0.0099996542558074 
0.00999963004142046 
0.00999961327761412 
0.00999964121729136 
0.00999963190406561 
0.00999967940151691 
0.00999965518712997 
0.00999967101961374 
0.00999963749200106 
0.00999958347529173 
0.00999963190406561 
0.0099996468052268 
0.0099996468052268 
0.00999961327761412 
0.00999966450035572 
0.00999965704977512 
0.00999966077506542 
0.0099996654316783 
0.00999962817877531 
0.00999961327761412 
0.00999963004142046 
0.00999960396438837 
0.0099996468052268 
0.0099996505305171 
0.00999964959919453 
0.00999961141496897 
0.00999960023909807 
0.00999960862100124 
0.00999964959919453 
0.00999962165951729 
0.00999964959919453 
0.00999963190406561 
0.00999960862100124 
0.00999962352216244 
0.00999963749200106 
0.00999966263771057 
0.00999963376671076 
0.0099996579810977 
0.009999661706388 
0.00999965984374285 
0.00999961700290442 
0.00999966450035572 
0.00999967753887177 
0.00999963376671076 
0.00999964494258165 
0.00999962817877531 
0.00999965704977512 
0.0099996468052268 
0.00999962631613016 
0.0099996505305171 
0.00999961420893669 
0.00999961327761412 
0.00999964214861393 
0.00999965611845255 
0.00999967474490404 
0.00999963935464621 
0.00999966636300087 
0.00999962165951729 
0.00999964587390423 
0.00999963935464621 
0.00999967288225889 
0.00999959837645292 
0.00999967381358147 
0.00999964773654938 
0.00999963562935591 
0.00999960955232382 
0.00999964773654938 
0.00999964401125908 
0.00999966729432344 
0.00999961141496897 
0.00999964121729136 
0.00999959744513035 
0.00999967660754919 
0.00999965984374285 
0.00999970454722643 
0.00999966915696859 
0.00999960489571095 
0.00999961327761412 
0.00999964401125908 
0.00999963935464621 
0.00999963097274303 
0.00999961700290442 
0.00999964028596878 
0.00999963935464621 
0.00999958626925945 
0.00999961048364639 
0.00999967381358147 
0.00999966077506542 
0.00999967381358147 
0.00999961607158184 
0.00999965239316225 
0.00999964494258165 
0.00999962259083986 
0.00999964773654938 
0.00999967567622662 
0.00999964866787195 
0.00999965891242027 
0.00999961420893669 
0.00999963749200106 
0.00999968219548464 
0.00999964028596878 
0.00999964214861393 
0.00999962911009789 
0.00999967474490404 
0.00999965518712997 
0.0099995993077755 
0.0099996654316783 
0.00999963656067848 
0.0099996468052268 
0.00999966450035572 
0.00999961420893669 
0.00999961700290442 
0.00999966729432344 
0.00999962724745274 
0.00999962165951729 
0.00999967753887177 
0.00999963842332363 
0.0099996542558074 
0.00999963004142046 
0.00999962817877531 
0.00999962352216244 
0.00999962817877531 
0.00999961886554956 
0.00999963283538818 
0.00999967660754919 
0.00999958533793688 
0.00999963097274303 
0.00999962817877531 
0.00999967195093632 
0.00999967847019434 
0.00999962817877531 
0.00999964494258165 
0.00999965146183968 
0.00999966729432344 
0.00999962352216244 
0.00999963935464621 
0.00999965891242027 
0.00999964214861393 
0.00999964959919453 
0.00999966450035572 
0.00999962538480759 
0.00999964959919453 
0.00999966915696859 
0.00999960768967867 
0.00999964214861393 
0.00999965332448483 
0.0099996654316783 
0.00999967195093632 
0.00999969244003296 
0.00999959092587233 
0.00999962631613016 
0.0099996579810977 
0.00999964773654938 
0.00999961886554956 
0.00999964401125908 
0.00999966450035572 
0.00999965239316225 
0.00999961607158184 
0.00999962352216244 
0.00999961700290442 
0.00999962631613016 
0.00999965984374285 
0.0099996542558074 
0.0099996030330658 
0.00999965332448483 
0.00999965518712997 
0.00999963656067848 
0.00999967567622662 
0.00999964494258165 
0.00999968498945236 
0.00999968964606524 
0.00999963469803333 
0.00999964866787195 
0.00999966822564602 
0.0099996468052268 
0.00999963097274303 
0.00999960396438837 
0.00999961048364639 
0.00999968033283949 
0.00999966077506542 
0.00999963004142046 
0.00999963469803333 
0.00999962259083986 
0.00999967288225889 
0.00999965332448483 
0.00999961327761412 
0.00999962724745274 
0.00999963283538818 
0.00999967660754919 
0.00999963376671076 
0.00999962817877531 
0.00999964214861393 
0.00999962445348501 
0.00999967288225889 
0.0099996430799365 
0.00999968219548464 
0.0099996030330658 
0.00999962538480759 
0.00999964773654938 
0.00999967381358147 
0.00999966636300087 
0.00999964214861393 
0.00999961234629154 
0.00999964866787195 
0.00999965146183968 
0.009999661706388 
0.00999957695603371 
0.00999961979687214 
0.00999964959919453 
0.00999964401125908 
0.00999965146183968 
0.009999705478549 
0.00999963749200106 
0.00999966263771057 
0.00999962538480759 
0.0099996505305171 
0.00999965891242027 
0.00999965984374285 
0.00999967474490404 
0.00999965518712997 
0.00999967381358147 
0.00999962817877531 
0.00999961141496897 
0.00999968964606524 
0.00999968871474266 
0.00999959651380777 
0.00999966356903315 
0.00999967660754919 
0.00999964587390423 
0.00999964587390423 
0.00999968592077494 
0.0099996505305171 
0.00999958254396915 
0.00999964214861393 
0.00999963749200106 
0.00999965611845255 
0.00999961514025927 
0.00999963283538818 
0.00999967381358147 
0.00999967660754919 
0.00999957416206598 
0.00999962817877531 
0.00999958720058203 
0.00999964866787195 
0.00999966636300087 
0.00999963004142046 
0.00999965984374285 
0.00999960023909807 
0.00999965518712997 
0.0099996505305171 
0.00999967753887177 
0.00999967195093632 
0.00999963749200106 
0.00999962724745274 
0.00999961514025927 
0.00999963749200106 
0.00999964401125908 
0.00999959837645292 
0.00999966077506542 
0.00999960675835609 
0.00999962445348501 
0.00999963842332363 
0.00999962817877531 
0.00999961327761412 
0.0099996430799365 
0.00999961607158184 
0.00999965146183968 
0.00999962724745274 
0.00999962538480759 
0.00999961886554956 
0.00999965891242027 
0.00999961886554956 
0.00999962631613016 
0.00999966450035572 
0.00999967195093632 
0.00999965332448483 
0.00999961607158184 
0.00999967288225889 
0.00999967660754919 
0.00999966077506542 
0.00999962724745274 
0.00999966636300087 
0.00999960117042065 
0.00999961514025927 
0.00999967381358147 
0.00999961327761412 
0.00999963283538818 
0.00999967195093632 
0.00999960489571095 
0.00999963376671076 
0.00999963190406561 
0.00999961793422699 
0.00999964028596878 
0.0099996430799365 
0.00999961141496897 
0.00999968871474266 
0.0099996030330658 
0.00999966729432344 
0.00999963376671076 
0.00999960768967867 
0.00999963376671076 
0.00999964121729136 
0.00999962165951729 
0.00999963842332363 
0.00999959744513035 
0.00999968405812979 
0.00999964866787195 
0.00999969523400068 
0.00999968871474266 
0.0099996468052268 
0.00999966636300087 
0.00999967660754919 
0.0099996430799365 
0.00999962724745274 
0.00999963656067848 
0.00999963656067848 
0.0099996468052268 
0.00999964494258165 
0.00999963935464621 
0.00999962445348501 
0.00999963469803333 
0.00999960023909807 
0.00999965332448483 
0.00999964587390423 
0.00999959465116262 
0.00999964121729136 
0.00999968033283949 
0.0099996468052268 
0.00999967288225889 
0.00999963842332363 
0.00999968685209751 
0.00999965332448483 
0.0099996505305171 
0.00999962165951729 
0.00999960768967867 
0.00999961793422699 
0.00999965704977512 
0.00999957136809826 
0.00999965984374285 
0.00999963935464621 
0.00999964959919453 
0.00999966450035572 
0.00999964214861393 
0.00999962445348501 
0.00999961793422699 
0.00999966263771057 
0.00999967381358147 
0.00999966263771057 
0.00999965146183968 
0.00999963004142046 
